2025-10-29 16:25:53,711 INFO o.a.j.u.JMeterUtils: Setting Locale to en_EN
2025-10-29 16:25:53,731 INFO o.a.j.JMeter: Loading user properties from: /cht/cht-core/tests/scalability/jmeter/bin/user.properties
2025-10-29 16:25:53,732 INFO o.a.j.JMeter: Loading system properties from: /cht/cht-core/tests/scalability/jmeter/bin/system.properties
2025-10-29 16:25:53,732 INFO o.a.j.JMeter: Setting JMeter property: working_dir=./report-pxuRNJgQlW
2025-10-29 16:25:53,732 INFO o.a.j.JMeter: Setting JMeter property: node_binary=/usr/bin/node
2025-10-29 16:25:53,732 INFO o.a.j.JMeter: Setting JMeter property: number_of_threads=10
2025-10-29 16:25:53,736 INFO o.a.j.JMeter: Copyright (c) 1998-2024 The Apache Software Foundation
2025-10-29 16:25:53,736 INFO o.a.j.JMeter: Version 5.6.3
2025-10-29 16:25:53,736 INFO o.a.j.JMeter: java.version=21.0.8
2025-10-29 16:25:53,736 INFO o.a.j.JMeter: java.vm.name=OpenJDK 64-Bit Server VM
2025-10-29 16:25:53,736 INFO o.a.j.JMeter: os.name=Linux
2025-10-29 16:25:53,736 INFO o.a.j.JMeter: os.arch=amd64
2025-10-29 16:25:53,736 INFO o.a.j.JMeter: os.version=6.8.0-1029-aws
2025-10-29 16:25:53,736 INFO o.a.j.JMeter: file.encoding=UTF-8
2025-10-29 16:25:53,736 INFO o.a.j.JMeter: java.awt.headless=true
2025-10-29 16:25:53,736 INFO o.a.j.JMeter: Max memory     =1073741824
2025-10-29 16:25:53,736 INFO o.a.j.JMeter: Available Processors =8
2025-10-29 16:25:53,744 INFO o.a.j.JMeter: Default Locale=English (EN)
2025-10-29 16:25:53,744 INFO o.a.j.JMeter: JMeter  Locale=English (EN)
2025-10-29 16:25:53,744 INFO o.a.j.JMeter: JMeterHome=/cht/cht-core/tests/scalability/jmeter
2025-10-29 16:25:53,744 INFO o.a.j.JMeter: user.dir  =/cht/cht-core/tests/scalability
2025-10-29 16:25:53,744 INFO o.a.j.JMeter: PWD       =/cht/cht-core/tests/scalability
2025-10-29 16:25:53,746 INFO o.a.j.JMeter: IP: 172.31.10.200 Name: ip-172-31-10-200 FullName: ip-172-31-10-200.ca-central-1.compute.internal
2025-10-29 16:25:53,757 INFO o.a.j.JMeter: Setting property 'jmeter.reportgenerator.outputdir' to:'/cht/cht-core/tests/scalability/./report-pxuRNJgQlW'
2025-10-29 16:25:53,758 INFO o.a.j.s.FileServer: Default base='/cht/cht-core/tests/scalability'
2025-10-29 16:25:53,759 INFO o.a.j.s.FileServer: Set new base='/cht/cht-core/tests/scalability'
2025-10-29 16:25:53,918 INFO o.a.j.s.SaveService: Testplan (JMX) version: 2.2. Testlog (JTL) version: 2.2
2025-10-29 16:25:53,941 INFO o.a.j.s.SaveService: Using SaveService properties version 5.0
2025-10-29 16:25:53,943 INFO o.a.j.s.SaveService: Using SaveService properties file encoding UTF-8
2025-10-29 16:25:53,946 INFO o.a.j.s.SaveService: Loading file: sync.jmx
2025-10-29 16:25:54,002 INFO o.a.j.JMeter: Creating summariser <summary>
2025-10-29 16:25:54,006 INFO o.a.j.r.d.ReportGenerator: ReportGenerator will use for Parsing the separator: ','
2025-10-29 16:25:54,006 INFO o.a.j.r.d.ReportGenerator: Will generate report at end of test from  results file: ./report-pxuRNJgQlW/cli_run.jtl
2025-10-29 16:25:54,006 INFO o.a.j.r.d.ReportGenerator: Reading report generator properties from: /cht/cht-core/tests/scalability/jmeter/bin/reportgenerator.properties
2025-10-29 16:25:54,006 INFO o.a.j.r.d.ReportGenerator: Merging with JMeter properties
2025-10-29 16:25:54,009 INFO o.a.j.r.c.ReportGeneratorConfiguration: Property 'jmeter.reportgenerator.temp_dir' not found, using default value 'temp' instead.
2025-10-29 16:25:54,011 INFO o.a.j.r.c.ReportGeneratorConfiguration: Property 'jmeter.reportgenerator.apdex_per_transaction' not found, using default value 'null' instead.
2025-10-29 16:25:54,018 INFO o.a.j.r.c.ReportGeneratorConfiguration: apdex_per_transaction is empty, not APDEX per transaction customization
2025-10-29 16:25:54,018 INFO o.a.j.r.c.ReportGeneratorConfiguration: Property 'jmeter.reportgenerator.sample_filter' not found, using default value 'null' instead.
2025-10-29 16:25:54,018 INFO o.a.j.r.c.ReportGeneratorConfiguration: Property 'jmeter.reportgenerator.report_title' not found, using default value 'null' instead.
2025-10-29 16:25:54,018 INFO o.a.j.r.c.ReportGeneratorConfiguration: Property 'jmeter.reportgenerator.start_date' not found, using default value 'null' instead.
2025-10-29 16:25:54,018 INFO o.a.j.r.c.ReportGeneratorConfiguration: Property 'jmeter.reportgenerator.end_date' not found, using default value 'null' instead.
2025-10-29 16:25:54,018 INFO o.a.j.r.c.ReportGeneratorConfiguration: Property 'jmeter.reportgenerator.date_format' not found, using default value 'null' instead.
2025-10-29 16:25:54,019 INFO o.a.j.r.c.ReportGeneratorConfiguration: Will use date range start date: null, end date: null
2025-10-29 16:25:54,021 INFO o.a.j.r.c.ReportGeneratorConfiguration: Property 'jmeter.reportgenerator.graph.totalTPS.exclude_controllers' not found, using default value 'false' instead.
2025-10-29 16:25:54,022 INFO o.a.j.r.c.ReportGeneratorConfiguration: Property 'jmeter.reportgenerator.graph.activeThreadsOverTime.exclude_controllers' not found, using default value 'false' instead.
2025-10-29 16:25:54,022 INFO o.a.j.r.c.ReportGeneratorConfiguration: Property 'jmeter.reportgenerator.graph.timeVsThreads.exclude_controllers' not found, using default value 'false' instead.
2025-10-29 16:25:54,022 INFO o.a.j.r.c.ReportGeneratorConfiguration: Property 'jmeter.reportgenerator.graph.responseTimeDistribution.exclude_controllers' not found, using default value 'false' instead.
2025-10-29 16:25:54,022 INFO o.a.j.r.c.ReportGeneratorConfiguration: Property 'jmeter.reportgenerator.graph.transactionsPerSecond.exclude_controllers' not found, using default value 'false' instead.
2025-10-29 16:25:54,022 INFO o.a.j.r.c.ReportGeneratorConfiguration: Property 'jmeter.reportgenerator.graph.responseTimePercentiles.exclude_controllers' not found, using default value 'false' instead.
2025-10-29 16:25:54,022 INFO o.a.j.r.c.ReportGeneratorConfiguration: Property 'jmeter.reportgenerator.graph.responseTimePercentilesOverTime.exclude_controllers' not found, using default value 'false' instead.
2025-10-29 16:25:54,022 INFO o.a.j.r.c.ReportGeneratorConfiguration: Property 'jmeter.reportgenerator.graph.responseTimesOverTime.exclude_controllers' not found, using default value 'false' instead.
2025-10-29 16:25:54,022 INFO o.a.j.r.c.ReportGeneratorConfiguration: Property 'jmeter.reportgenerator.graph.connectTimeOverTime.exclude_controllers' not found, using default value 'false' instead.
2025-10-29 16:25:54,023 INFO o.a.j.r.c.ReportGeneratorConfiguration: Property 'jmeter.reportgenerator.graph.latenciesOverTime.exclude_controllers' not found, using default value 'false' instead.
2025-10-29 16:25:54,023 INFO o.a.j.r.c.ReportGeneratorConfiguration: Property 'jmeter.reportgenerator.exporter.json.filters_only_sample_series' not found, using default value 'true' instead.
2025-10-29 16:25:54,023 INFO o.a.j.r.c.ReportGeneratorConfiguration: Property 'jmeter.reportgenerator.exporter.json.series_filter' not found, using default value '' instead.
2025-10-29 16:25:54,023 INFO o.a.j.r.c.ReportGeneratorConfiguration: Property 'jmeter.reportgenerator.exporter.json.show_controllers_only' not found, using default value 'false' instead.
2025-10-29 16:25:54,024 INFO o.a.j.r.c.ReportGeneratorConfiguration: Property 'jmeter.reportgenerator.exporter.html.filters_only_sample_series' not found, using default value 'true' instead.
2025-10-29 16:25:54,024 INFO o.a.j.r.c.ReportGeneratorConfiguration: Property 'jmeter.reportgenerator.exporter.html.series_filter' not found, using default value '' instead.
2025-10-29 16:25:54,024 INFO o.a.j.r.c.ReportGeneratorConfiguration: Property 'jmeter.reportgenerator.exporter.html.show_controllers_only' not found, using default value 'false' instead.
2025-10-29 16:25:54,034 INFO o.a.j.e.StandardJMeterEngine: Running the test!
2025-10-29 16:25:54,034 INFO o.a.j.s.SampleEvent: List of sample_variables: []
2025-10-29 16:25:54,034 INFO o.a.j.s.SampleEvent: List of sample_variables: []
2025-10-29 16:25:54,038 INFO o.a.j.e.u.CompoundVariable: Note: Function class names must contain the string: '.functions.'
2025-10-29 16:25:54,038 INFO o.a.j.e.u.CompoundVariable: Note: Function class names must not contain the string: '.gui.'
2025-10-29 16:25:54,086 INFO o.a.j.r.ClassFinder: Will scan jar /cht/cht-core/tests/scalability/jmeter/lib/ext/jmeter-plugins-mergeresults-2.1.jar with filter ExtendsClassFilter [parents=[interface org.apache.jmeter.functions.Function], inner=false, contains=null, notContains=null]. Consider exposing JMeter plugins via META-INF/services, and add JMeter-Skip-Class-Scanning=true manifest attribute so JMeter can skip classfile scanning
2025-10-29 16:25:54,090 INFO o.a.j.r.ClassFinder: Will scan jar /cht/cht-core/tests/scalability/jmeter/lib/ext/jmeter-plugins-manager-1.4.jar with filter ExtendsClassFilter [parents=[interface org.apache.jmeter.functions.Function], inner=false, contains=null, notContains=null]. Consider exposing JMeter plugins via META-INF/services, and add JMeter-Skip-Class-Scanning=true manifest attribute so JMeter can skip classfile scanning
2025-10-29 16:25:54,181 INFO o.a.j.JMeter: Running test (1761755154181)
2025-10-29 16:25:54,196 INFO o.a.j.e.StandardJMeterEngine: Starting ThreadGroup: 1 : Thread Group
2025-10-29 16:25:54,196 INFO o.a.j.e.StandardJMeterEngine: Starting 10 threads for group Thread Group.
2025-10-29 16:25:54,196 INFO o.a.j.e.StandardJMeterEngine: Thread will continue on error
2025-10-29 16:25:54,196 INFO o.a.j.t.ThreadGroup: Starting thread group... number=1 threads=10 ramp-up=1 delayedStart=false
2025-10-29 16:25:54,202 INFO o.a.j.t.JMeterThread: Thread started: Thread Group 1-1
2025-10-29 16:25:54,204 INFO o.a.j.t.ThreadGroup: Started thread group number 1
2025-10-29 16:25:54,204 INFO o.a.j.e.StandardJMeterEngine: All thread groups have been started
2025-10-29 16:25:54,205 INFO o.a.j.s.SampleResult: Note: Sample TimeStamps are START times
2025-10-29 16:25:54,206 INFO o.a.j.s.SampleResult: sampleresult.default.encoding is set to UTF-8
2025-10-29 16:25:54,206 INFO o.a.j.s.SampleResult: sampleresult.useNanoTime=true
2025-10-29 16:25:54,206 INFO o.a.j.s.SampleResult: sampleresult.nanoThreadSleep=5000
2025-10-29 16:25:54,298 INFO o.a.j.t.JMeterThread: Thread started: Thread Group 1-2
2025-10-29 16:25:54,397 INFO o.a.j.t.JMeterThread: Thread started: Thread Group 1-3
2025-10-29 16:25:54,497 INFO o.a.j.t.JMeterThread: Thread started: Thread Group 1-4
2025-10-29 16:25:54,597 INFO o.a.j.t.JMeterThread: Thread started: Thread Group 1-5
2025-10-29 16:25:54,697 INFO o.a.j.t.JMeterThread: Thread started: Thread Group 1-6
2025-10-29 16:25:54,797 INFO o.a.j.t.JMeterThread: Thread started: Thread Group 1-7
2025-10-29 16:25:54,897 INFO o.a.j.t.JMeterThread: Thread started: Thread Group 1-8
2025-10-29 16:25:54,997 INFO o.a.j.t.JMeterThread: Thread started: Thread Group 1-9
2025-10-29 16:25:55,096 INFO o.a.j.t.JMeterThread: Thread started: Thread Group 1-10
2025-10-29 16:26:05,117 INFO o.a.j.r.Summariser: summary +      1 in 00:00:11 =    0.1/s Avg: 10814 Min: 10814 Max: 10814 Err:     0 (0.00%) Active: 10 Started: 10 Finished: 0
2025-10-29 16:26:05,117 INFO o.a.j.t.JMeterThread: Thread is done: Thread Group 1-2
2025-10-29 16:26:05,117 INFO o.a.j.t.JMeterThread: Thread finished: Thread Group 1-2
2025-10-29 16:26:05,149 INFO o.a.j.t.JMeterThread: Thread is done: Thread Group 1-1
2025-10-29 16:26:05,149 INFO o.a.j.t.JMeterThread: Thread finished: Thread Group 1-1
2025-10-29 16:26:06,638 INFO o.a.j.t.JMeterThread: Thread is done: Thread Group 1-9
2025-10-29 16:26:06,638 INFO o.a.j.t.JMeterThread: Thread finished: Thread Group 1-9
2025-10-29 16:26:06,646 INFO o.a.j.t.JMeterThread: Thread is done: Thread Group 1-10
2025-10-29 16:26:06,646 INFO o.a.j.t.JMeterThread: Thread finished: Thread Group 1-10
2025-10-29 16:26:07,156 INFO o.a.j.t.JMeterThread: Thread is done: Thread Group 1-3
2025-10-29 16:26:07,156 INFO o.a.j.t.JMeterThread: Thread finished: Thread Group 1-3
2025-10-29 16:26:07,411 INFO o.a.j.t.JMeterThread: Thread is done: Thread Group 1-8
2025-10-29 16:26:07,411 INFO o.a.j.t.JMeterThread: Thread finished: Thread Group 1-8
2025-10-29 16:26:07,414 INFO o.a.j.t.JMeterThread: Thread is done: Thread Group 1-7
2025-10-29 16:26:07,414 INFO o.a.j.t.JMeterThread: Thread finished: Thread Group 1-7
2025-10-29 16:26:07,415 INFO o.a.j.t.JMeterThread: Thread is done: Thread Group 1-6
2025-10-29 16:26:07,415 INFO o.a.j.t.JMeterThread: Thread finished: Thread Group 1-6
2025-10-29 16:26:07,425 INFO o.a.j.t.JMeterThread: Thread is done: Thread Group 1-4
2025-10-29 16:26:07,425 INFO o.a.j.t.JMeterThread: Thread finished: Thread Group 1-4
2025-10-29 16:26:07,428 INFO o.a.j.t.JMeterThread: Thread is done: Thread Group 1-5
2025-10-29 16:26:07,428 INFO o.a.j.t.JMeterThread: Thread finished: Thread Group 1-5
2025-10-29 16:26:07,428 INFO o.a.j.e.StandardJMeterEngine: Notifying test listeners of end of test
2025-10-29 16:26:07,429 INFO o.a.j.r.Summariser: summary +      9 in 00:00:02 =    3.9/s Avg: 12276 Min: 10942 Max: 12927 Err:     0 (0.00%) Active: 0 Started: 10 Finished: 10
2025-10-29 16:26:07,429 INFO o.a.j.r.Summariser: summary =     10 in 00:00:13 =    0.8/s Avg: 12130 Min: 10814 Max: 12927 Err:     0 (0.00%)
2025-10-29 16:26:07,432 INFO o.a.j.JMeter: Generating Dashboard
2025-10-29 16:26:07,433 INFO o.a.j.r.d.ReportGenerator: Flushing result collector before report Generation
2025-10-29 16:26:07,443 INFO o.a.j.r.p.NormalizerSampleConsumer: Using format, 'ms', to parse timeStamp field
2025-10-29 16:26:07,483 INFO o.a.j.r.p.AbstractSampleConsumer: class org.apache.jmeter.report.processor.AggregateConsumer#stopProducing(): beginDate produced 0 samples
2025-10-29 16:26:07,483 INFO o.a.j.r.p.AbstractSampleConsumer: class org.apache.jmeter.report.processor.AggregateConsumer#stopProducing(): endDate produced 0 samples
2025-10-29 16:26:07,485 INFO o.a.j.r.p.AbstractSampleConsumer: class org.apache.jmeter.report.processor.ApdexSummaryConsumer#stopProducing(): apdexSummary produced 0 samples
2025-10-29 16:26:07,485 INFO o.a.j.r.p.AbstractSampleConsumer: class org.apache.jmeter.report.processor.RequestsSummaryConsumer#stopProducing(): requestsSummary produced 0 samples
2025-10-29 16:26:07,490 INFO o.a.j.r.p.AbstractSampleConsumer: class org.apache.jmeter.report.processor.StatisticsSummaryConsumer#stopProducing(): statisticsSummary produced 0 samples
2025-10-29 16:26:07,491 INFO o.a.j.r.p.AbstractSampleConsumer: class org.apache.jmeter.report.processor.Top5ErrorsBySamplerConsumer#stopProducing(): top5ErrorsBySampler produced 0 samples
2025-10-29 16:26:07,491 INFO o.a.j.r.p.AbstractSampleConsumer: class org.apache.jmeter.report.processor.ErrorsSummaryConsumer#stopProducing(): errorsSummary produced 0 samples
2025-10-29 16:26:07,491 INFO o.a.j.r.p.AbstractSampleConsumer: class org.apache.jmeter.report.processor.graph.impl.HitsPerSecondGraphConsumer#stopProducing(): hitsPerSecond produced 0 samples
2025-10-29 16:26:07,500 INFO o.a.j.r.p.AbstractSampleConsumer: class org.apache.jmeter.report.processor.graph.impl.LatencyVSRequestGraphConsumer#stopProducing(): latencyVsRequest produced 0 samples
2025-10-29 16:26:07,500 INFO o.a.j.r.p.AbstractSampleConsumer: class org.apache.jmeter.report.processor.graph.impl.SyntheticResponseTimeDistributionGraphConsumer#stopProducing(): syntheticResponseTimeDistribution produced 0 samples
2025-10-29 16:26:07,500 INFO o.a.j.r.p.AbstractSampleConsumer: class org.apache.jmeter.report.processor.graph.impl.BytesThroughputGraphConsumer#stopProducing(): bytesThroughputOverTime produced 0 samples
2025-10-29 16:26:07,500 INFO o.a.j.r.p.AbstractSampleConsumer: class org.apache.jmeter.report.processor.graph.impl.CodesPerSecondGraphConsumer#stopProducing(): codesPerSecond produced 0 samples
2025-10-29 16:26:07,503 INFO o.a.j.r.p.AbstractSampleConsumer: class org.apache.jmeter.report.processor.graph.impl.ResponseTimeVSRequestGraphConsumer#stopProducing(): responseTimeVsRequest produced 0 samples
2025-10-29 16:26:07,503 INFO o.a.j.r.p.AbstractSampleConsumer: class org.apache.jmeter.report.processor.FilterConsumer#stopProducing(): startIntervalControlerFilter produced 70 samples
2025-10-29 16:26:07,503 INFO o.a.j.r.p.AbstractSampleConsumer: class org.apache.jmeter.report.processor.graph.impl.TotalTPSGraphConsumer#stopProducing(): totalTPS produced 0 samples
2025-10-29 16:26:07,503 INFO o.a.j.r.p.AbstractSampleConsumer: class org.apache.jmeter.report.processor.graph.impl.ActiveThreadsGraphConsumer#stopProducing(): activeThreadsOverTime produced 0 samples
2025-10-29 16:26:07,503 INFO o.a.j.r.p.AbstractSampleConsumer: class org.apache.jmeter.report.processor.graph.impl.TimeVSThreadGraphConsumer#stopProducing(): timeVsThreads produced 0 samples
2025-10-29 16:26:07,503 INFO o.a.j.r.p.AbstractSampleConsumer: class org.apache.jmeter.report.processor.graph.impl.ResponseTimeDistributionGraphConsumer#stopProducing(): responseTimeDistribution produced 0 samples
2025-10-29 16:26:07,503 INFO o.a.j.r.p.AbstractSampleConsumer: class org.apache.jmeter.report.processor.graph.impl.TransactionsPerSecondGraphConsumer#stopProducing(): transactionsPerSecond produced 0 samples
2025-10-29 16:26:07,504 INFO o.a.j.r.p.AbstractSampleConsumer: class org.apache.jmeter.report.processor.graph.impl.ResponseTimePercentilesGraphConsumer#stopProducing(): responseTimePercentiles produced 0 samples
2025-10-29 16:26:07,504 INFO o.a.j.r.p.AbstractSampleConsumer: class org.apache.jmeter.report.processor.graph.impl.ResponseTimePercentilesOverTimeGraphConsumer#stopProducing(): responseTimePercentilesOverTime produced 0 samples
2025-10-29 16:26:07,504 INFO o.a.j.r.p.AbstractSampleConsumer: class org.apache.jmeter.report.processor.graph.impl.ResponseTimeOverTimeGraphConsumer#stopProducing(): responseTimesOverTime produced 0 samples
2025-10-29 16:26:07,504 INFO o.a.j.r.p.AbstractSampleConsumer: class org.apache.jmeter.report.processor.graph.impl.ConnectTimeOverTimeGraphConsumer#stopProducing(): connectTimeOverTime produced 0 samples
2025-10-29 16:26:07,504 INFO o.a.j.r.p.AbstractSampleConsumer: class org.apache.jmeter.report.processor.graph.impl.LatencyOverTimeGraphConsumer#stopProducing(): latenciesOverTime produced 0 samples
2025-10-29 16:26:07,504 INFO o.a.j.r.p.AbstractSampleConsumer: class org.apache.jmeter.report.processor.FilterConsumer#stopProducing(): nameFilter produced 150 samples
2025-10-29 16:26:07,504 INFO o.a.j.r.p.AbstractSampleConsumer: class org.apache.jmeter.report.processor.FilterConsumer#stopProducing(): dateRangeFilter produced 30 samples
2025-10-29 16:26:07,504 INFO o.a.j.r.p.AbstractSampleConsumer: class org.apache.jmeter.report.processor.NormalizerSampleConsumer#stopProducing(): normalizer produced 10 samples
2025-10-29 16:26:07,505 INFO o.a.j.r.p.CsvFileSampleSource: produce(): 10 samples produced in 42ms on channel 0
2025-10-29 16:26:07,505 INFO o.a.j.r.d.ReportGenerator: Exporting data using exporter:'json' of className:'org.apache.jmeter.report.dashboard.JsonExporter'
2025-10-29 16:26:07,568 INFO o.a.j.r.d.JsonExporter: Found data for consumer statisticsSummary in context
2025-10-29 16:26:07,568 INFO o.a.j.r.d.JsonExporter: Creating statistics for overall
2025-10-29 16:26:07,568 INFO o.a.j.r.d.JsonExporter: Creating statistics for other transactions
2025-10-29 16:26:07,568 INFO o.a.j.r.d.JsonExporter: Checking output folder
2025-10-29 16:26:07,569 INFO o.a.j.r.d.JsonExporter: Writing statistics JSON to /cht/cht-core/tests/scalability/./report-pxuRNJgQlW/statistics.json
2025-10-29 16:26:07,602 INFO o.a.j.r.d.ReportGenerator: Exporting data using exporter:'html' of className:'org.apache.jmeter.report.dashboard.HtmlTemplateExporter'
2025-10-29 16:26:07,604 INFO o.a.j.r.d.HtmlTemplateExporter: Will generate dashboard in folder: /cht/cht-core/tests/scalability/./report-pxuRNJgQlW
2025-10-29 16:26:07,701 INFO o.a.j.r.d.HtmlTemplateExporter: Report will be generated in: /cht/cht-core/tests/scalability/./report-pxuRNJgQlW, creating folder structure
2025-10-29 16:26:07,703 INFO o.a.j.r.d.TemplateVisitor: Copying folder from '/cht/cht-core/tests/scalability/jmeter/bin/report-template' to '/cht/cht-core/tests/scalability/./report-pxuRNJgQlW', got message: /cht/cht-core/tests/scalability/./report-pxuRNJgQlW, found non empty folder with following content [/cht/cht-core/tests/scalability/./report-pxuRNJgQlW/stderr3, /cht/cht-core/tests/scalability/./report-pxuRNJgQlW/stdout5, /cht/cht-core/tests/scalability/./report-pxuRNJgQlW/stderr4, /cht/cht-core/tests/scalability/./report-pxuRNJgQlW/stdout8, /cht/cht-core/tests/scalability/./report-pxuRNJgQlW/stdout1, /cht/cht-core/tests/scalability/./report-pxuRNJgQlW/stdout7, /cht/cht-core/tests/scalability/./report-pxuRNJgQlW/stderr2, /cht/cht-core/tests/scalability/./report-pxuRNJgQlW/stderr9, /cht/cht-core/tests/scalability/./report-pxuRNJgQlW/stderr6, /cht/cht-core/tests/scalability/./report-pxuRNJgQlW/stdout2, /cht/cht-core/tests/scalability/./report-pxuRNJgQlW/stderr7, /cht/cht-core/tests/scalability/./report-pxuRNJgQlW/stderr10, /cht/cht-core/tests/scalability/./report-pxuRNJgQlW/statistics.json, /cht/cht-core/tests/scalability/./report-pxuRNJgQlW/stdout9, /cht/cht-core/tests/scalability/./report-pxuRNJgQlW/stdout10, /cht/cht-core/tests/scalability/./report-pxuRNJgQlW/stdout3, /cht/cht-core/tests/scalability/./report-pxuRNJgQlW/stderr8, /cht/cht-core/tests/scalability/./report-pxuRNJgQlW/cli_run.jtl, /cht/cht-core/tests/scalability/./report-pxuRNJgQlW/stderr5, /cht/cht-core/tests/scalability/./report-pxuRNJgQlW/stdout6, /cht/cht-core/tests/scalability/./report-pxuRNJgQlW/stderr1, /cht/cht-core/tests/scalability/./report-pxuRNJgQlW/stdout4], will be ignored
2025-10-29 16:26:07,865 INFO o.a.j.JMeter: Dashboard generated
