2025-07-08 14:07:33,117 INFO o.a.j.u.JMeterUtils: Setting Locale to en_EN
2025-07-08 14:07:33,131 INFO o.a.j.JMeter: Loading user properties from: /cht/cht-core/tests/scalability/jmeter/bin/user.properties
2025-07-08 14:07:33,132 INFO o.a.j.JMeter: Loading system properties from: /cht/cht-core/tests/scalability/jmeter/bin/system.properties
2025-07-08 14:07:33,132 INFO o.a.j.JMeter: Setting JMeter property: working_dir=./report-5UFuQwFQ9W
2025-07-08 14:07:33,132 INFO o.a.j.JMeter: Setting JMeter property: node_binary=/usr/bin/node
2025-07-08 14:07:33,132 INFO o.a.j.JMeter: Setting JMeter property: number_of_threads=10
2025-07-08 14:07:33,136 INFO o.a.j.JMeter: Copyright (c) 1998-2024 The Apache Software Foundation
2025-07-08 14:07:33,136 INFO o.a.j.JMeter: Version 5.6.3
2025-07-08 14:07:33,136 INFO o.a.j.JMeter: java.version=21.0.7
2025-07-08 14:07:33,136 INFO o.a.j.JMeter: java.vm.name=OpenJDK 64-Bit Server VM
2025-07-08 14:07:33,136 INFO o.a.j.JMeter: os.name=Linux
2025-07-08 14:07:33,136 INFO o.a.j.JMeter: os.arch=amd64
2025-07-08 14:07:33,136 INFO o.a.j.JMeter: os.version=6.8.0-1029-aws
2025-07-08 14:07:33,136 INFO o.a.j.JMeter: file.encoding=UTF-8
2025-07-08 14:07:33,136 INFO o.a.j.JMeter: java.awt.headless=true
2025-07-08 14:07:33,136 INFO o.a.j.JMeter: Max memory     =1073741824
2025-07-08 14:07:33,136 INFO o.a.j.JMeter: Available Processors =8
2025-07-08 14:07:33,144 INFO o.a.j.JMeter: Default Locale=English (EN)
2025-07-08 14:07:33,144 INFO o.a.j.JMeter: JMeter  Locale=English (EN)
2025-07-08 14:07:33,144 INFO o.a.j.JMeter: JMeterHome=/cht/cht-core/tests/scalability/jmeter
2025-07-08 14:07:33,144 INFO o.a.j.JMeter: user.dir  =/cht/cht-core/tests/scalability
2025-07-08 14:07:33,144 INFO o.a.j.JMeter: PWD       =/cht/cht-core/tests/scalability
2025-07-08 14:07:33,149 INFO o.a.j.JMeter: IP: 172.31.0.39 Name: ip-172-31-0-39 FullName: ip-172-31-0-39.ca-central-1.compute.internal
2025-07-08 14:07:33,159 INFO o.a.j.JMeter: Setting property 'jmeter.reportgenerator.outputdir' to:'/cht/cht-core/tests/scalability/./report-5UFuQwFQ9W'
2025-07-08 14:07:33,161 INFO o.a.j.s.FileServer: Default base='/cht/cht-core/tests/scalability'
2025-07-08 14:07:33,162 INFO o.a.j.s.FileServer: Set new base='/cht/cht-core/tests/scalability'
2025-07-08 14:07:33,310 INFO o.a.j.s.SaveService: Testplan (JMX) version: 2.2. Testlog (JTL) version: 2.2
2025-07-08 14:07:33,342 INFO o.a.j.s.SaveService: Using SaveService properties version 5.0
2025-07-08 14:07:33,345 INFO o.a.j.s.SaveService: Using SaveService properties file encoding UTF-8
2025-07-08 14:07:33,348 INFO o.a.j.s.SaveService: Loading file: sync.jmx
2025-07-08 14:07:33,407 INFO o.a.j.JMeter: Creating summariser <summary>
2025-07-08 14:07:33,411 INFO o.a.j.r.d.ReportGenerator: ReportGenerator will use for Parsing the separator: ','
2025-07-08 14:07:33,411 INFO o.a.j.r.d.ReportGenerator: Will generate report at end of test from  results file: ./report-5UFuQwFQ9W/cli_run.jtl
2025-07-08 14:07:33,411 INFO o.a.j.r.d.ReportGenerator: Reading report generator properties from: /cht/cht-core/tests/scalability/jmeter/bin/reportgenerator.properties
2025-07-08 14:07:33,411 INFO o.a.j.r.d.ReportGenerator: Merging with JMeter properties
2025-07-08 14:07:33,414 INFO o.a.j.r.c.ReportGeneratorConfiguration: Property 'jmeter.reportgenerator.temp_dir' not found, using default value 'temp' instead.
2025-07-08 14:07:33,416 INFO o.a.j.r.c.ReportGeneratorConfiguration: Property 'jmeter.reportgenerator.apdex_per_transaction' not found, using default value 'null' instead.
2025-07-08 14:07:33,423 INFO o.a.j.r.c.ReportGeneratorConfiguration: apdex_per_transaction is empty, not APDEX per transaction customization
2025-07-08 14:07:33,423 INFO o.a.j.r.c.ReportGeneratorConfiguration: Property 'jmeter.reportgenerator.sample_filter' not found, using default value 'null' instead.
2025-07-08 14:07:33,423 INFO o.a.j.r.c.ReportGeneratorConfiguration: Property 'jmeter.reportgenerator.report_title' not found, using default value 'null' instead.
2025-07-08 14:07:33,423 INFO o.a.j.r.c.ReportGeneratorConfiguration: Property 'jmeter.reportgenerator.start_date' not found, using default value 'null' instead.
2025-07-08 14:07:33,423 INFO o.a.j.r.c.ReportGeneratorConfiguration: Property 'jmeter.reportgenerator.end_date' not found, using default value 'null' instead.
2025-07-08 14:07:33,423 INFO o.a.j.r.c.ReportGeneratorConfiguration: Property 'jmeter.reportgenerator.date_format' not found, using default value 'null' instead.
2025-07-08 14:07:33,424 INFO o.a.j.r.c.ReportGeneratorConfiguration: Will use date range start date: null, end date: null
2025-07-08 14:07:33,428 INFO o.a.j.r.c.ReportGeneratorConfiguration: Property 'jmeter.reportgenerator.graph.totalTPS.exclude_controllers' not found, using default value 'false' instead.
2025-07-08 14:07:33,428 INFO o.a.j.r.c.ReportGeneratorConfiguration: Property 'jmeter.reportgenerator.graph.activeThreadsOverTime.exclude_controllers' not found, using default value 'false' instead.
2025-07-08 14:07:33,428 INFO o.a.j.r.c.ReportGeneratorConfiguration: Property 'jmeter.reportgenerator.graph.timeVsThreads.exclude_controllers' not found, using default value 'false' instead.
2025-07-08 14:07:33,428 INFO o.a.j.r.c.ReportGeneratorConfiguration: Property 'jmeter.reportgenerator.graph.responseTimeDistribution.exclude_controllers' not found, using default value 'false' instead.
2025-07-08 14:07:33,428 INFO o.a.j.r.c.ReportGeneratorConfiguration: Property 'jmeter.reportgenerator.graph.transactionsPerSecond.exclude_controllers' not found, using default value 'false' instead.
2025-07-08 14:07:33,428 INFO o.a.j.r.c.ReportGeneratorConfiguration: Property 'jmeter.reportgenerator.graph.responseTimePercentiles.exclude_controllers' not found, using default value 'false' instead.
2025-07-08 14:07:33,428 INFO o.a.j.r.c.ReportGeneratorConfiguration: Property 'jmeter.reportgenerator.graph.responseTimePercentilesOverTime.exclude_controllers' not found, using default value 'false' instead.
2025-07-08 14:07:33,428 INFO o.a.j.r.c.ReportGeneratorConfiguration: Property 'jmeter.reportgenerator.graph.responseTimesOverTime.exclude_controllers' not found, using default value 'false' instead.
2025-07-08 14:07:33,429 INFO o.a.j.r.c.ReportGeneratorConfiguration: Property 'jmeter.reportgenerator.graph.connectTimeOverTime.exclude_controllers' not found, using default value 'false' instead.
2025-07-08 14:07:33,429 INFO o.a.j.r.c.ReportGeneratorConfiguration: Property 'jmeter.reportgenerator.graph.latenciesOverTime.exclude_controllers' not found, using default value 'false' instead.
2025-07-08 14:07:33,429 INFO o.a.j.r.c.ReportGeneratorConfiguration: Property 'jmeter.reportgenerator.exporter.json.filters_only_sample_series' not found, using default value 'true' instead.
2025-07-08 14:07:33,429 INFO o.a.j.r.c.ReportGeneratorConfiguration: Property 'jmeter.reportgenerator.exporter.json.series_filter' not found, using default value '' instead.
2025-07-08 14:07:33,429 INFO o.a.j.r.c.ReportGeneratorConfiguration: Property 'jmeter.reportgenerator.exporter.json.show_controllers_only' not found, using default value 'false' instead.
2025-07-08 14:07:33,430 INFO o.a.j.r.c.ReportGeneratorConfiguration: Property 'jmeter.reportgenerator.exporter.html.filters_only_sample_series' not found, using default value 'true' instead.
2025-07-08 14:07:33,430 INFO o.a.j.r.c.ReportGeneratorConfiguration: Property 'jmeter.reportgenerator.exporter.html.series_filter' not found, using default value '' instead.
2025-07-08 14:07:33,430 INFO o.a.j.r.c.ReportGeneratorConfiguration: Property 'jmeter.reportgenerator.exporter.html.show_controllers_only' not found, using default value 'false' instead.
2025-07-08 14:07:33,440 INFO o.a.j.e.StandardJMeterEngine: Running the test!
2025-07-08 14:07:33,441 INFO o.a.j.s.SampleEvent: List of sample_variables: []
2025-07-08 14:07:33,441 INFO o.a.j.s.SampleEvent: List of sample_variables: []
2025-07-08 14:07:33,444 INFO o.a.j.e.u.CompoundVariable: Note: Function class names must contain the string: '.functions.'
2025-07-08 14:07:33,444 INFO o.a.j.e.u.CompoundVariable: Note: Function class names must not contain the string: '.gui.'
2025-07-08 14:07:33,493 INFO o.a.j.r.ClassFinder: Will scan jar /cht/cht-core/tests/scalability/jmeter/lib/ext/jmeter-plugins-mergeresults-2.1.jar with filter ExtendsClassFilter [parents=[interface org.apache.jmeter.functions.Function], inner=false, contains=null, notContains=null]. Consider exposing JMeter plugins via META-INF/services, and add JMeter-Skip-Class-Scanning=true manifest attribute so JMeter can skip classfile scanning
2025-07-08 14:07:33,497 INFO o.a.j.r.ClassFinder: Will scan jar /cht/cht-core/tests/scalability/jmeter/lib/ext/jmeter-plugins-manager-1.4.jar with filter ExtendsClassFilter [parents=[interface org.apache.jmeter.functions.Function], inner=false, contains=null, notContains=null]. Consider exposing JMeter plugins via META-INF/services, and add JMeter-Skip-Class-Scanning=true manifest attribute so JMeter can skip classfile scanning
2025-07-08 14:07:33,590 INFO o.a.j.JMeter: Running test (1751983653590)
2025-07-08 14:07:33,605 INFO o.a.j.e.StandardJMeterEngine: Starting ThreadGroup: 1 : Thread Group
2025-07-08 14:07:33,605 INFO o.a.j.e.StandardJMeterEngine: Starting 10 threads for group Thread Group.
2025-07-08 14:07:33,605 INFO o.a.j.e.StandardJMeterEngine: Thread will continue on error
2025-07-08 14:07:33,605 INFO o.a.j.t.ThreadGroup: Starting thread group... number=1 threads=10 ramp-up=1 delayedStart=false
2025-07-08 14:07:33,611 INFO o.a.j.t.JMeterThread: Thread started: Thread Group 1-1
2025-07-08 14:07:33,613 INFO o.a.j.t.ThreadGroup: Started thread group number 1
2025-07-08 14:07:33,613 INFO o.a.j.e.StandardJMeterEngine: All thread groups have been started
2025-07-08 14:07:33,615 INFO o.a.j.s.SampleResult: Note: Sample TimeStamps are START times
2025-07-08 14:07:33,615 INFO o.a.j.s.SampleResult: sampleresult.default.encoding is set to UTF-8
2025-07-08 14:07:33,615 INFO o.a.j.s.SampleResult: sampleresult.useNanoTime=true
2025-07-08 14:07:33,615 INFO o.a.j.s.SampleResult: sampleresult.nanoThreadSleep=5000
2025-07-08 14:07:33,707 INFO o.a.j.t.JMeterThread: Thread started: Thread Group 1-2
2025-07-08 14:07:33,806 INFO o.a.j.t.JMeterThread: Thread started: Thread Group 1-3
2025-07-08 14:07:33,906 INFO o.a.j.t.JMeterThread: Thread started: Thread Group 1-4
2025-07-08 14:07:34,006 INFO o.a.j.t.JMeterThread: Thread started: Thread Group 1-5
2025-07-08 14:07:34,106 INFO o.a.j.t.JMeterThread: Thread started: Thread Group 1-6
2025-07-08 14:07:34,206 INFO o.a.j.t.JMeterThread: Thread started: Thread Group 1-7
2025-07-08 14:07:34,305 INFO o.a.j.t.JMeterThread: Thread started: Thread Group 1-8
2025-07-08 14:07:34,406 INFO o.a.j.t.JMeterThread: Thread started: Thread Group 1-9
2025-07-08 14:07:34,506 INFO o.a.j.t.JMeterThread: Thread started: Thread Group 1-10
2025-07-08 14:07:47,545 INFO o.a.j.t.JMeterThread: Thread is done: Thread Group 1-1
2025-07-08 14:07:47,545 INFO o.a.j.t.JMeterThread: Thread finished: Thread Group 1-1
2025-07-08 14:07:48,727 INFO o.a.j.t.JMeterThread: Thread is done: Thread Group 1-7
2025-07-08 14:07:48,727 INFO o.a.j.t.JMeterThread: Thread finished: Thread Group 1-7
2025-07-08 14:07:49,672 INFO o.a.j.t.JMeterThread: Thread is done: Thread Group 1-2
2025-07-08 14:07:49,672 INFO o.a.j.t.JMeterThread: Thread finished: Thread Group 1-2
2025-07-08 14:07:49,701 INFO o.a.j.t.JMeterThread: Thread is done: Thread Group 1-9
2025-07-08 14:07:49,701 INFO o.a.j.t.JMeterThread: Thread finished: Thread Group 1-9
2025-07-08 14:07:49,713 INFO o.a.j.t.JMeterThread: Thread is done: Thread Group 1-3
2025-07-08 14:07:49,713 INFO o.a.j.t.JMeterThread: Thread finished: Thread Group 1-3
2025-07-08 14:07:49,720 INFO o.a.j.t.JMeterThread: Thread is done: Thread Group 1-4
2025-07-08 14:07:49,720 INFO o.a.j.t.JMeterThread: Thread finished: Thread Group 1-4
2025-07-08 14:07:49,725 INFO o.a.j.t.JMeterThread: Thread is done: Thread Group 1-10
2025-07-08 14:07:49,725 INFO o.a.j.t.JMeterThread: Thread finished: Thread Group 1-10
2025-07-08 14:07:49,742 INFO o.a.j.t.JMeterThread: Thread is done: Thread Group 1-5
2025-07-08 14:07:49,742 INFO o.a.j.t.JMeterThread: Thread finished: Thread Group 1-5
2025-07-08 14:07:49,895 INFO o.a.j.t.JMeterThread: Thread is done: Thread Group 1-6
2025-07-08 14:07:49,895 INFO o.a.j.t.JMeterThread: Thread finished: Thread Group 1-6
2025-07-08 14:07:49,897 INFO o.a.j.t.JMeterThread: Thread is done: Thread Group 1-8
2025-07-08 14:07:49,897 INFO o.a.j.t.JMeterThread: Thread finished: Thread Group 1-8
2025-07-08 14:07:49,897 INFO o.a.j.e.StandardJMeterEngine: Notifying test listeners of end of test
2025-07-08 14:07:49,898 INFO o.a.j.r.Summariser: summary =     10 in 00:00:16 =    0.6/s Avg: 15375 Min: 13927 Max: 15963 Err:     0 (0.00%)
2025-07-08 14:07:49,898 INFO o.a.j.JMeter: Generating Dashboard
2025-07-08 14:07:49,898 INFO o.a.j.r.d.ReportGenerator: Flushing result collector before report Generation
2025-07-08 14:07:49,910 INFO o.a.j.r.p.NormalizerSampleConsumer: Using format, 'ms', to parse timeStamp field
2025-07-08 14:07:49,949 INFO o.a.j.r.p.AbstractSampleConsumer: class org.apache.jmeter.report.processor.AggregateConsumer#stopProducing(): beginDate produced 0 samples
2025-07-08 14:07:49,949 INFO o.a.j.r.p.AbstractSampleConsumer: class org.apache.jmeter.report.processor.AggregateConsumer#stopProducing(): endDate produced 0 samples
2025-07-08 14:07:49,951 INFO o.a.j.r.p.AbstractSampleConsumer: class org.apache.jmeter.report.processor.ApdexSummaryConsumer#stopProducing(): apdexSummary produced 0 samples
2025-07-08 14:07:49,951 INFO o.a.j.r.p.AbstractSampleConsumer: class org.apache.jmeter.report.processor.RequestsSummaryConsumer#stopProducing(): requestsSummary produced 0 samples
2025-07-08 14:07:49,956 INFO o.a.j.r.p.AbstractSampleConsumer: class org.apache.jmeter.report.processor.StatisticsSummaryConsumer#stopProducing(): statisticsSummary produced 0 samples
2025-07-08 14:07:49,957 INFO o.a.j.r.p.AbstractSampleConsumer: class org.apache.jmeter.report.processor.Top5ErrorsBySamplerConsumer#stopProducing(): top5ErrorsBySampler produced 0 samples
2025-07-08 14:07:49,957 INFO o.a.j.r.p.AbstractSampleConsumer: class org.apache.jmeter.report.processor.ErrorsSummaryConsumer#stopProducing(): errorsSummary produced 0 samples
2025-07-08 14:07:49,957 INFO o.a.j.r.p.AbstractSampleConsumer: class org.apache.jmeter.report.processor.graph.impl.HitsPerSecondGraphConsumer#stopProducing(): hitsPerSecond produced 0 samples
2025-07-08 14:07:49,966 INFO o.a.j.r.p.AbstractSampleConsumer: class org.apache.jmeter.report.processor.graph.impl.LatencyVSRequestGraphConsumer#stopProducing(): latencyVsRequest produced 0 samples
2025-07-08 14:07:49,966 INFO o.a.j.r.p.AbstractSampleConsumer: class org.apache.jmeter.report.processor.graph.impl.SyntheticResponseTimeDistributionGraphConsumer#stopProducing(): syntheticResponseTimeDistribution produced 0 samples
2025-07-08 14:07:49,966 INFO o.a.j.r.p.AbstractSampleConsumer: class org.apache.jmeter.report.processor.graph.impl.BytesThroughputGraphConsumer#stopProducing(): bytesThroughputOverTime produced 0 samples
2025-07-08 14:07:49,966 INFO o.a.j.r.p.AbstractSampleConsumer: class org.apache.jmeter.report.processor.graph.impl.CodesPerSecondGraphConsumer#stopProducing(): codesPerSecond produced 0 samples
2025-07-08 14:07:49,968 INFO o.a.j.r.p.AbstractSampleConsumer: class org.apache.jmeter.report.processor.graph.impl.ResponseTimeVSRequestGraphConsumer#stopProducing(): responseTimeVsRequest produced 0 samples
2025-07-08 14:07:49,969 INFO o.a.j.r.p.AbstractSampleConsumer: class org.apache.jmeter.report.processor.FilterConsumer#stopProducing(): startIntervalControlerFilter produced 70 samples
2025-07-08 14:07:49,969 INFO o.a.j.r.p.AbstractSampleConsumer: class org.apache.jmeter.report.processor.graph.impl.TotalTPSGraphConsumer#stopProducing(): totalTPS produced 0 samples
2025-07-08 14:07:49,969 INFO o.a.j.r.p.AbstractSampleConsumer: class org.apache.jmeter.report.processor.graph.impl.ActiveThreadsGraphConsumer#stopProducing(): activeThreadsOverTime produced 0 samples
2025-07-08 14:07:49,969 INFO o.a.j.r.p.AbstractSampleConsumer: class org.apache.jmeter.report.processor.graph.impl.TimeVSThreadGraphConsumer#stopProducing(): timeVsThreads produced 0 samples
2025-07-08 14:07:49,969 INFO o.a.j.r.p.AbstractSampleConsumer: class org.apache.jmeter.report.processor.graph.impl.ResponseTimeDistributionGraphConsumer#stopProducing(): responseTimeDistribution produced 0 samples
2025-07-08 14:07:49,969 INFO o.a.j.r.p.AbstractSampleConsumer: class org.apache.jmeter.report.processor.graph.impl.TransactionsPerSecondGraphConsumer#stopProducing(): transactionsPerSecond produced 0 samples
2025-07-08 14:07:49,969 INFO o.a.j.r.p.AbstractSampleConsumer: class org.apache.jmeter.report.processor.graph.impl.ResponseTimePercentilesGraphConsumer#stopProducing(): responseTimePercentiles produced 0 samples
2025-07-08 14:07:49,970 INFO o.a.j.r.p.AbstractSampleConsumer: class org.apache.jmeter.report.processor.graph.impl.ResponseTimePercentilesOverTimeGraphConsumer#stopProducing(): responseTimePercentilesOverTime produced 0 samples
2025-07-08 14:07:49,970 INFO o.a.j.r.p.AbstractSampleConsumer: class org.apache.jmeter.report.processor.graph.impl.ResponseTimeOverTimeGraphConsumer#stopProducing(): responseTimesOverTime produced 0 samples
2025-07-08 14:07:49,970 INFO o.a.j.r.p.AbstractSampleConsumer: class org.apache.jmeter.report.processor.graph.impl.ConnectTimeOverTimeGraphConsumer#stopProducing(): connectTimeOverTime produced 0 samples
2025-07-08 14:07:49,970 INFO o.a.j.r.p.AbstractSampleConsumer: class org.apache.jmeter.report.processor.graph.impl.LatencyOverTimeGraphConsumer#stopProducing(): latenciesOverTime produced 0 samples
2025-07-08 14:07:49,970 INFO o.a.j.r.p.AbstractSampleConsumer: class org.apache.jmeter.report.processor.FilterConsumer#stopProducing(): nameFilter produced 150 samples
2025-07-08 14:07:49,970 INFO o.a.j.r.p.AbstractSampleConsumer: class org.apache.jmeter.report.processor.FilterConsumer#stopProducing(): dateRangeFilter produced 30 samples
2025-07-08 14:07:49,970 INFO o.a.j.r.p.AbstractSampleConsumer: class org.apache.jmeter.report.processor.NormalizerSampleConsumer#stopProducing(): normalizer produced 10 samples
2025-07-08 14:07:49,970 INFO o.a.j.r.p.CsvFileSampleSource: produce(): 10 samples produced in 41ms on channel 0
2025-07-08 14:07:49,970 INFO o.a.j.r.d.ReportGenerator: Exporting data using exporter:'json' of className:'org.apache.jmeter.report.dashboard.JsonExporter'
2025-07-08 14:07:50,034 INFO o.a.j.r.d.JsonExporter: Found data for consumer statisticsSummary in context
2025-07-08 14:07:50,034 INFO o.a.j.r.d.JsonExporter: Creating statistics for overall
2025-07-08 14:07:50,034 INFO o.a.j.r.d.JsonExporter: Creating statistics for other transactions
2025-07-08 14:07:50,035 INFO o.a.j.r.d.JsonExporter: Checking output folder
2025-07-08 14:07:50,035 INFO o.a.j.r.d.JsonExporter: Writing statistics JSON to /cht/cht-core/tests/scalability/./report-5UFuQwFQ9W/statistics.json
2025-07-08 14:07:50,068 INFO o.a.j.r.d.ReportGenerator: Exporting data using exporter:'html' of className:'org.apache.jmeter.report.dashboard.HtmlTemplateExporter'
2025-07-08 14:07:50,070 INFO o.a.j.r.d.HtmlTemplateExporter: Will generate dashboard in folder: /cht/cht-core/tests/scalability/./report-5UFuQwFQ9W
2025-07-08 14:07:50,152 INFO o.a.j.r.d.HtmlTemplateExporter: Report will be generated in: /cht/cht-core/tests/scalability/./report-5UFuQwFQ9W, creating folder structure
2025-07-08 14:07:50,154 INFO o.a.j.r.d.TemplateVisitor: Copying folder from '/cht/cht-core/tests/scalability/jmeter/bin/report-template' to '/cht/cht-core/tests/scalability/./report-5UFuQwFQ9W', got message: /cht/cht-core/tests/scalability/./report-5UFuQwFQ9W, found non empty folder with following content [/cht/cht-core/tests/scalability/./report-5UFuQwFQ9W/stderr3, /cht/cht-core/tests/scalability/./report-5UFuQwFQ9W/stdout5, /cht/cht-core/tests/scalability/./report-5UFuQwFQ9W/stderr4, /cht/cht-core/tests/scalability/./report-5UFuQwFQ9W/stdout8, /cht/cht-core/tests/scalability/./report-5UFuQwFQ9W/stdout1, /cht/cht-core/tests/scalability/./report-5UFuQwFQ9W/stdout7, /cht/cht-core/tests/scalability/./report-5UFuQwFQ9W/stderr2, /cht/cht-core/tests/scalability/./report-5UFuQwFQ9W/stderr9, /cht/cht-core/tests/scalability/./report-5UFuQwFQ9W/stderr6, /cht/cht-core/tests/scalability/./report-5UFuQwFQ9W/stdout2, /cht/cht-core/tests/scalability/./report-5UFuQwFQ9W/stderr7, /cht/cht-core/tests/scalability/./report-5UFuQwFQ9W/stderr10, /cht/cht-core/tests/scalability/./report-5UFuQwFQ9W/statistics.json, /cht/cht-core/tests/scalability/./report-5UFuQwFQ9W/stdout9, /cht/cht-core/tests/scalability/./report-5UFuQwFQ9W/stdout10, /cht/cht-core/tests/scalability/./report-5UFuQwFQ9W/stdout3, /cht/cht-core/tests/scalability/./report-5UFuQwFQ9W/stderr8, /cht/cht-core/tests/scalability/./report-5UFuQwFQ9W/cli_run.jtl, /cht/cht-core/tests/scalability/./report-5UFuQwFQ9W/stderr5, /cht/cht-core/tests/scalability/./report-5UFuQwFQ9W/stdout6, /cht/cht-core/tests/scalability/./report-5UFuQwFQ9W/stderr1, /cht/cht-core/tests/scalability/./report-5UFuQwFQ9W/stdout4], will be ignored
2025-07-08 14:07:50,297 INFO o.a.j.JMeter: Dashboard generated
