2026-02-25 18:04:28,438 INFO o.a.j.u.JMeterUtils: Setting Locale to en_EN
2026-02-25 18:04:28,455 INFO o.a.j.JMeter: Loading user properties from: /cht/cht-core/tests/scalability/jmeter/bin/user.properties
2026-02-25 18:04:28,455 INFO o.a.j.JMeter: Loading system properties from: /cht/cht-core/tests/scalability/jmeter/bin/system.properties
2026-02-25 18:04:28,455 INFO o.a.j.JMeter: Setting JMeter property: working_dir=./report-gxYkByV0Vo
2026-02-25 18:04:28,455 INFO o.a.j.JMeter: Setting JMeter property: node_binary=/usr/bin/node
2026-02-25 18:04:28,455 INFO o.a.j.JMeter: Setting JMeter property: number_of_threads=10
2026-02-25 18:04:28,460 INFO o.a.j.JMeter: Copyright (c) 1998-2024 The Apache Software Foundation
2026-02-25 18:04:28,460 INFO o.a.j.JMeter: Version 5.6.3
2026-02-25 18:04:28,460 INFO o.a.j.JMeter: java.version=21.0.10
2026-02-25 18:04:28,460 INFO o.a.j.JMeter: java.vm.name=OpenJDK 64-Bit Server VM
2026-02-25 18:04:28,460 INFO o.a.j.JMeter: os.name=Linux
2026-02-25 18:04:28,460 INFO o.a.j.JMeter: os.arch=amd64
2026-02-25 18:04:28,460 INFO o.a.j.JMeter: os.version=6.8.0-1029-aws
2026-02-25 18:04:28,460 INFO o.a.j.JMeter: file.encoding=UTF-8
2026-02-25 18:04:28,460 INFO o.a.j.JMeter: java.awt.headless=true
2026-02-25 18:04:28,460 INFO o.a.j.JMeter: Max memory     =1073741824
2026-02-25 18:04:28,460 INFO o.a.j.JMeter: Available Processors =8
2026-02-25 18:04:28,468 INFO o.a.j.JMeter: Default Locale=English (EN)
2026-02-25 18:04:28,469 INFO o.a.j.JMeter: JMeter  Locale=English (EN)
2026-02-25 18:04:28,469 INFO o.a.j.JMeter: JMeterHome=/cht/cht-core/tests/scalability/jmeter
2026-02-25 18:04:28,469 INFO o.a.j.JMeter: user.dir  =/cht/cht-core/tests/scalability
2026-02-25 18:04:28,469 INFO o.a.j.JMeter: PWD       =/cht/cht-core/tests/scalability
2026-02-25 18:04:28,471 INFO o.a.j.JMeter: IP: 172.31.10.173 Name: ip-172-31-10-173 FullName: ip-172-31-10-173.ca-central-1.compute.internal
2026-02-25 18:04:28,481 INFO o.a.j.JMeter: Setting property 'jmeter.reportgenerator.outputdir' to:'/cht/cht-core/tests/scalability/./report-gxYkByV0Vo'
2026-02-25 18:04:28,483 INFO o.a.j.s.FileServer: Default base='/cht/cht-core/tests/scalability'
2026-02-25 18:04:28,484 INFO o.a.j.s.FileServer: Set new base='/cht/cht-core/tests/scalability'
2026-02-25 18:04:28,653 INFO o.a.j.s.SaveService: Testplan (JMX) version: 2.2. Testlog (JTL) version: 2.2
2026-02-25 18:04:28,675 INFO o.a.j.s.SaveService: Using SaveService properties version 5.0
2026-02-25 18:04:28,678 INFO o.a.j.s.SaveService: Using SaveService properties file encoding UTF-8
2026-02-25 18:04:28,681 INFO o.a.j.s.SaveService: Loading file: sync.jmx
2026-02-25 18:04:28,739 INFO o.a.j.JMeter: Creating summariser <summary>
2026-02-25 18:04:28,745 INFO o.a.j.r.d.ReportGenerator: ReportGenerator will use for Parsing the separator: ','
2026-02-25 18:04:28,745 INFO o.a.j.r.d.ReportGenerator: Will generate report at end of test from  results file: ./report-gxYkByV0Vo/cli_run.jtl
2026-02-25 18:04:28,745 INFO o.a.j.r.d.ReportGenerator: Reading report generator properties from: /cht/cht-core/tests/scalability/jmeter/bin/reportgenerator.properties
2026-02-25 18:04:28,745 INFO o.a.j.r.d.ReportGenerator: Merging with JMeter properties
2026-02-25 18:04:28,748 INFO o.a.j.r.c.ReportGeneratorConfiguration: Property 'jmeter.reportgenerator.temp_dir' not found, using default value 'temp' instead.
2026-02-25 18:04:28,751 INFO o.a.j.r.c.ReportGeneratorConfiguration: Property 'jmeter.reportgenerator.apdex_per_transaction' not found, using default value 'null' instead.
2026-02-25 18:04:28,758 INFO o.a.j.r.c.ReportGeneratorConfiguration: apdex_per_transaction is empty, not APDEX per transaction customization
2026-02-25 18:04:28,758 INFO o.a.j.r.c.ReportGeneratorConfiguration: Property 'jmeter.reportgenerator.sample_filter' not found, using default value 'null' instead.
2026-02-25 18:04:28,758 INFO o.a.j.r.c.ReportGeneratorConfiguration: Property 'jmeter.reportgenerator.report_title' not found, using default value 'null' instead.
2026-02-25 18:04:28,758 INFO o.a.j.r.c.ReportGeneratorConfiguration: Property 'jmeter.reportgenerator.start_date' not found, using default value 'null' instead.
2026-02-25 18:04:28,758 INFO o.a.j.r.c.ReportGeneratorConfiguration: Property 'jmeter.reportgenerator.end_date' not found, using default value 'null' instead.
2026-02-25 18:04:28,759 INFO o.a.j.r.c.ReportGeneratorConfiguration: Property 'jmeter.reportgenerator.date_format' not found, using default value 'null' instead.
2026-02-25 18:04:28,759 INFO o.a.j.r.c.ReportGeneratorConfiguration: Will use date range start date: null, end date: null
2026-02-25 18:04:28,763 INFO o.a.j.r.c.ReportGeneratorConfiguration: Property 'jmeter.reportgenerator.graph.totalTPS.exclude_controllers' not found, using default value 'false' instead.
2026-02-25 18:04:28,763 INFO o.a.j.r.c.ReportGeneratorConfiguration: Property 'jmeter.reportgenerator.graph.activeThreadsOverTime.exclude_controllers' not found, using default value 'false' instead.
2026-02-25 18:04:28,763 INFO o.a.j.r.c.ReportGeneratorConfiguration: Property 'jmeter.reportgenerator.graph.timeVsThreads.exclude_controllers' not found, using default value 'false' instead.
2026-02-25 18:04:28,763 INFO o.a.j.r.c.ReportGeneratorConfiguration: Property 'jmeter.reportgenerator.graph.responseTimeDistribution.exclude_controllers' not found, using default value 'false' instead.
2026-02-25 18:04:28,763 INFO o.a.j.r.c.ReportGeneratorConfiguration: Property 'jmeter.reportgenerator.graph.transactionsPerSecond.exclude_controllers' not found, using default value 'false' instead.
2026-02-25 18:04:28,763 INFO o.a.j.r.c.ReportGeneratorConfiguration: Property 'jmeter.reportgenerator.graph.responseTimePercentiles.exclude_controllers' not found, using default value 'false' instead.
2026-02-25 18:04:28,764 INFO o.a.j.r.c.ReportGeneratorConfiguration: Property 'jmeter.reportgenerator.graph.responseTimePercentilesOverTime.exclude_controllers' not found, using default value 'false' instead.
2026-02-25 18:04:28,764 INFO o.a.j.r.c.ReportGeneratorConfiguration: Property 'jmeter.reportgenerator.graph.responseTimesOverTime.exclude_controllers' not found, using default value 'false' instead.
2026-02-25 18:04:28,764 INFO o.a.j.r.c.ReportGeneratorConfiguration: Property 'jmeter.reportgenerator.graph.connectTimeOverTime.exclude_controllers' not found, using default value 'false' instead.
2026-02-25 18:04:28,764 INFO o.a.j.r.c.ReportGeneratorConfiguration: Property 'jmeter.reportgenerator.graph.latenciesOverTime.exclude_controllers' not found, using default value 'false' instead.
2026-02-25 18:04:28,765 INFO o.a.j.r.c.ReportGeneratorConfiguration: Property 'jmeter.reportgenerator.exporter.json.filters_only_sample_series' not found, using default value 'true' instead.
2026-02-25 18:04:28,765 INFO o.a.j.r.c.ReportGeneratorConfiguration: Property 'jmeter.reportgenerator.exporter.json.series_filter' not found, using default value '' instead.
2026-02-25 18:04:28,765 INFO o.a.j.r.c.ReportGeneratorConfiguration: Property 'jmeter.reportgenerator.exporter.json.show_controllers_only' not found, using default value 'false' instead.
2026-02-25 18:04:28,766 INFO o.a.j.r.c.ReportGeneratorConfiguration: Property 'jmeter.reportgenerator.exporter.html.filters_only_sample_series' not found, using default value 'true' instead.
2026-02-25 18:04:28,766 INFO o.a.j.r.c.ReportGeneratorConfiguration: Property 'jmeter.reportgenerator.exporter.html.series_filter' not found, using default value '' instead.
2026-02-25 18:04:28,766 INFO o.a.j.r.c.ReportGeneratorConfiguration: Property 'jmeter.reportgenerator.exporter.html.show_controllers_only' not found, using default value 'false' instead.
2026-02-25 18:04:28,780 INFO o.a.j.e.StandardJMeterEngine: Running the test!
2026-02-25 18:04:28,780 INFO o.a.j.s.SampleEvent: List of sample_variables: []
2026-02-25 18:04:28,780 INFO o.a.j.s.SampleEvent: List of sample_variables: []
2026-02-25 18:04:28,784 INFO o.a.j.e.u.CompoundVariable: Note: Function class names must contain the string: '.functions.'
2026-02-25 18:04:28,784 INFO o.a.j.e.u.CompoundVariable: Note: Function class names must not contain the string: '.gui.'
2026-02-25 18:04:28,839 INFO o.a.j.r.ClassFinder: Will scan jar /cht/cht-core/tests/scalability/jmeter/lib/ext/jmeter-plugins-mergeresults-2.1.jar with filter ExtendsClassFilter [parents=[interface org.apache.jmeter.functions.Function], inner=false, contains=null, notContains=null]. Consider exposing JMeter plugins via META-INF/services, and add JMeter-Skip-Class-Scanning=true manifest attribute so JMeter can skip classfile scanning
2026-02-25 18:04:28,844 INFO o.a.j.r.ClassFinder: Will scan jar /cht/cht-core/tests/scalability/jmeter/lib/ext/jmeter-plugins-manager-1.4.jar with filter ExtendsClassFilter [parents=[interface org.apache.jmeter.functions.Function], inner=false, contains=null, notContains=null]. Consider exposing JMeter plugins via META-INF/services, and add JMeter-Skip-Class-Scanning=true manifest attribute so JMeter can skip classfile scanning
2026-02-25 18:04:28,944 INFO o.a.j.JMeter: Running test (1772042668944)
2026-02-25 18:04:28,960 INFO o.a.j.e.StandardJMeterEngine: Starting ThreadGroup: 1 : Thread Group
2026-02-25 18:04:28,961 INFO o.a.j.e.StandardJMeterEngine: Starting 10 threads for group Thread Group.
2026-02-25 18:04:28,961 INFO o.a.j.e.StandardJMeterEngine: Thread will continue on error
2026-02-25 18:04:28,961 INFO o.a.j.t.ThreadGroup: Starting thread group... number=1 threads=10 ramp-up=1 delayedStart=false
2026-02-25 18:04:28,969 INFO o.a.j.t.JMeterThread: Thread started: Thread Group 1-1
2026-02-25 18:04:28,971 INFO o.a.j.t.ThreadGroup: Started thread group number 1
2026-02-25 18:04:28,971 INFO o.a.j.e.StandardJMeterEngine: All thread groups have been started
2026-02-25 18:04:28,973 INFO o.a.j.s.SampleResult: Note: Sample TimeStamps are START times
2026-02-25 18:04:28,973 INFO o.a.j.s.SampleResult: sampleresult.default.encoding is set to UTF-8
2026-02-25 18:04:28,973 INFO o.a.j.s.SampleResult: sampleresult.useNanoTime=true
2026-02-25 18:04:28,973 INFO o.a.j.s.SampleResult: sampleresult.nanoThreadSleep=5000
2026-02-25 18:04:29,063 INFO o.a.j.t.JMeterThread: Thread started: Thread Group 1-2
2026-02-25 18:04:29,163 INFO o.a.j.t.JMeterThread: Thread started: Thread Group 1-3
2026-02-25 18:04:29,263 INFO o.a.j.t.JMeterThread: Thread started: Thread Group 1-4
2026-02-25 18:04:29,362 INFO o.a.j.t.JMeterThread: Thread started: Thread Group 1-5
2026-02-25 18:04:29,462 INFO o.a.j.t.JMeterThread: Thread started: Thread Group 1-6
2026-02-25 18:04:29,563 INFO o.a.j.t.JMeterThread: Thread started: Thread Group 1-7
2026-02-25 18:04:29,661 INFO o.a.j.t.JMeterThread: Thread started: Thread Group 1-8
2026-02-25 18:04:29,762 INFO o.a.j.t.JMeterThread: Thread started: Thread Group 1-9
2026-02-25 18:04:29,862 INFO o.a.j.t.JMeterThread: Thread started: Thread Group 1-10
2026-02-25 18:04:42,405 INFO o.a.j.t.JMeterThread: Thread is done: Thread Group 1-5
2026-02-25 18:04:42,407 INFO o.a.j.t.JMeterThread: Thread finished: Thread Group 1-5
2026-02-25 18:04:42,406 INFO o.a.j.t.JMeterThread: Thread is done: Thread Group 1-1
2026-02-25 18:04:42,407 INFO o.a.j.t.JMeterThread: Thread finished: Thread Group 1-1
2026-02-25 18:04:42,411 INFO o.a.j.t.JMeterThread: Thread is done: Thread Group 1-3
2026-02-25 18:04:42,411 INFO o.a.j.t.JMeterThread: Thread finished: Thread Group 1-3
2026-02-25 18:04:42,424 INFO o.a.j.t.JMeterThread: Thread is done: Thread Group 1-4
2026-02-25 18:04:42,424 INFO o.a.j.t.JMeterThread: Thread finished: Thread Group 1-4
2026-02-25 18:04:42,655 INFO o.a.j.t.JMeterThread: Thread is done: Thread Group 1-2
2026-02-25 18:04:42,655 INFO o.a.j.t.JMeterThread: Thread is done: Thread Group 1-8
2026-02-25 18:04:42,655 INFO o.a.j.t.JMeterThread: Thread finished: Thread Group 1-2
2026-02-25 18:04:42,655 INFO o.a.j.t.JMeterThread: Thread finished: Thread Group 1-8
2026-02-25 18:04:42,656 INFO o.a.j.t.JMeterThread: Thread is done: Thread Group 1-10
2026-02-25 18:04:42,656 INFO o.a.j.t.JMeterThread: Thread finished: Thread Group 1-10
2026-02-25 18:04:42,664 INFO o.a.j.t.JMeterThread: Thread is done: Thread Group 1-9
2026-02-25 18:04:42,664 INFO o.a.j.t.JMeterThread: Thread finished: Thread Group 1-9
2026-02-25 18:04:42,669 INFO o.a.j.t.JMeterThread: Thread is done: Thread Group 1-7
2026-02-25 18:04:42,669 INFO o.a.j.t.JMeterThread: Thread finished: Thread Group 1-7
2026-02-25 18:04:42,770 INFO o.a.j.t.JMeterThread: Thread is done: Thread Group 1-6
2026-02-25 18:04:42,770 INFO o.a.j.t.JMeterThread: Thread finished: Thread Group 1-6
2026-02-25 18:04:42,771 INFO o.a.j.e.StandardJMeterEngine: Notifying test listeners of end of test
2026-02-25 18:04:42,772 INFO o.a.j.r.Summariser: summary =     10 in 00:00:14 =    0.7/s Avg: 13156 Min: 12792 Max: 13590 Err:     0 (0.00%)
2026-02-25 18:04:42,772 INFO o.a.j.JMeter: Generating Dashboard
2026-02-25 18:04:42,772 INFO o.a.j.r.d.ReportGenerator: Flushing result collector before report Generation
2026-02-25 18:04:42,785 INFO o.a.j.r.p.NormalizerSampleConsumer: Using format, 'ms', to parse timeStamp field
2026-02-25 18:04:42,833 INFO o.a.j.r.p.AbstractSampleConsumer: class org.apache.jmeter.report.processor.AggregateConsumer#stopProducing(): beginDate produced 0 samples
2026-02-25 18:04:42,834 INFO o.a.j.r.p.AbstractSampleConsumer: class org.apache.jmeter.report.processor.AggregateConsumer#stopProducing(): endDate produced 0 samples
2026-02-25 18:04:42,835 INFO o.a.j.r.p.AbstractSampleConsumer: class org.apache.jmeter.report.processor.ApdexSummaryConsumer#stopProducing(): apdexSummary produced 0 samples
2026-02-25 18:04:42,835 INFO o.a.j.r.p.AbstractSampleConsumer: class org.apache.jmeter.report.processor.RequestsSummaryConsumer#stopProducing(): requestsSummary produced 0 samples
2026-02-25 18:04:42,840 INFO o.a.j.r.p.AbstractSampleConsumer: class org.apache.jmeter.report.processor.StatisticsSummaryConsumer#stopProducing(): statisticsSummary produced 0 samples
2026-02-25 18:04:42,842 INFO o.a.j.r.p.AbstractSampleConsumer: class org.apache.jmeter.report.processor.Top5ErrorsBySamplerConsumer#stopProducing(): top5ErrorsBySampler produced 0 samples
2026-02-25 18:04:42,842 INFO o.a.j.r.p.AbstractSampleConsumer: class org.apache.jmeter.report.processor.ErrorsSummaryConsumer#stopProducing(): errorsSummary produced 0 samples
2026-02-25 18:04:42,842 INFO o.a.j.r.p.AbstractSampleConsumer: class org.apache.jmeter.report.processor.graph.impl.HitsPerSecondGraphConsumer#stopProducing(): hitsPerSecond produced 0 samples
2026-02-25 18:04:42,852 INFO o.a.j.r.p.AbstractSampleConsumer: class org.apache.jmeter.report.processor.graph.impl.LatencyVSRequestGraphConsumer#stopProducing(): latencyVsRequest produced 0 samples
2026-02-25 18:04:42,852 INFO o.a.j.r.p.AbstractSampleConsumer: class org.apache.jmeter.report.processor.graph.impl.SyntheticResponseTimeDistributionGraphConsumer#stopProducing(): syntheticResponseTimeDistribution produced 0 samples
2026-02-25 18:04:42,852 INFO o.a.j.r.p.AbstractSampleConsumer: class org.apache.jmeter.report.processor.graph.impl.BytesThroughputGraphConsumer#stopProducing(): bytesThroughputOverTime produced 0 samples
2026-02-25 18:04:42,852 INFO o.a.j.r.p.AbstractSampleConsumer: class org.apache.jmeter.report.processor.graph.impl.CodesPerSecondGraphConsumer#stopProducing(): codesPerSecond produced 0 samples
2026-02-25 18:04:42,855 INFO o.a.j.r.p.AbstractSampleConsumer: class org.apache.jmeter.report.processor.graph.impl.ResponseTimeVSRequestGraphConsumer#stopProducing(): responseTimeVsRequest produced 0 samples
2026-02-25 18:04:42,855 INFO o.a.j.r.p.AbstractSampleConsumer: class org.apache.jmeter.report.processor.FilterConsumer#stopProducing(): startIntervalControlerFilter produced 70 samples
2026-02-25 18:04:42,855 INFO o.a.j.r.p.AbstractSampleConsumer: class org.apache.jmeter.report.processor.graph.impl.TotalTPSGraphConsumer#stopProducing(): totalTPS produced 0 samples
2026-02-25 18:04:42,855 INFO o.a.j.r.p.AbstractSampleConsumer: class org.apache.jmeter.report.processor.graph.impl.ActiveThreadsGraphConsumer#stopProducing(): activeThreadsOverTime produced 0 samples
2026-02-25 18:04:42,855 INFO o.a.j.r.p.AbstractSampleConsumer: class org.apache.jmeter.report.processor.graph.impl.TimeVSThreadGraphConsumer#stopProducing(): timeVsThreads produced 0 samples
2026-02-25 18:04:42,855 INFO o.a.j.r.p.AbstractSampleConsumer: class org.apache.jmeter.report.processor.graph.impl.ResponseTimeDistributionGraphConsumer#stopProducing(): responseTimeDistribution produced 0 samples
2026-02-25 18:04:42,855 INFO o.a.j.r.p.AbstractSampleConsumer: class org.apache.jmeter.report.processor.graph.impl.TransactionsPerSecondGraphConsumer#stopProducing(): transactionsPerSecond produced 0 samples
2026-02-25 18:04:42,855 INFO o.a.j.r.p.AbstractSampleConsumer: class org.apache.jmeter.report.processor.graph.impl.ResponseTimePercentilesGraphConsumer#stopProducing(): responseTimePercentiles produced 0 samples
2026-02-25 18:04:42,856 INFO o.a.j.r.p.AbstractSampleConsumer: class org.apache.jmeter.report.processor.graph.impl.ResponseTimePercentilesOverTimeGraphConsumer#stopProducing(): responseTimePercentilesOverTime produced 0 samples
2026-02-25 18:04:42,856 INFO o.a.j.r.p.AbstractSampleConsumer: class org.apache.jmeter.report.processor.graph.impl.ResponseTimeOverTimeGraphConsumer#stopProducing(): responseTimesOverTime produced 0 samples
2026-02-25 18:04:42,856 INFO o.a.j.r.p.AbstractSampleConsumer: class org.apache.jmeter.report.processor.graph.impl.ConnectTimeOverTimeGraphConsumer#stopProducing(): connectTimeOverTime produced 0 samples
2026-02-25 18:04:42,856 INFO o.a.j.r.p.AbstractSampleConsumer: class org.apache.jmeter.report.processor.graph.impl.LatencyOverTimeGraphConsumer#stopProducing(): latenciesOverTime produced 0 samples
2026-02-25 18:04:42,857 INFO o.a.j.r.p.AbstractSampleConsumer: class org.apache.jmeter.report.processor.FilterConsumer#stopProducing(): nameFilter produced 150 samples
2026-02-25 18:04:42,857 INFO o.a.j.r.p.AbstractSampleConsumer: class org.apache.jmeter.report.processor.FilterConsumer#stopProducing(): dateRangeFilter produced 30 samples
2026-02-25 18:04:42,857 INFO o.a.j.r.p.AbstractSampleConsumer: class org.apache.jmeter.report.processor.NormalizerSampleConsumer#stopProducing(): normalizer produced 10 samples
2026-02-25 18:04:42,857 INFO o.a.j.r.p.CsvFileSampleSource: produce(): 10 samples produced in 45ms on channel 0
2026-02-25 18:04:42,857 INFO o.a.j.r.d.ReportGenerator: Exporting data using exporter:'json' of className:'org.apache.jmeter.report.dashboard.JsonExporter'
2026-02-25 18:04:42,919 INFO o.a.j.r.d.JsonExporter: Found data for consumer statisticsSummary in context
2026-02-25 18:04:42,919 INFO o.a.j.r.d.JsonExporter: Creating statistics for overall
2026-02-25 18:04:42,920 INFO o.a.j.r.d.JsonExporter: Creating statistics for other transactions
2026-02-25 18:04:42,920 INFO o.a.j.r.d.JsonExporter: Checking output folder
2026-02-25 18:04:42,920 INFO o.a.j.r.d.JsonExporter: Writing statistics JSON to /cht/cht-core/tests/scalability/./report-gxYkByV0Vo/statistics.json
2026-02-25 18:04:42,955 INFO o.a.j.r.d.ReportGenerator: Exporting data using exporter:'html' of className:'org.apache.jmeter.report.dashboard.HtmlTemplateExporter'
2026-02-25 18:04:42,957 INFO o.a.j.r.d.HtmlTemplateExporter: Will generate dashboard in folder: /cht/cht-core/tests/scalability/./report-gxYkByV0Vo
2026-02-25 18:04:43,042 INFO o.a.j.r.d.HtmlTemplateExporter: Report will be generated in: /cht/cht-core/tests/scalability/./report-gxYkByV0Vo, creating folder structure
2026-02-25 18:04:43,044 INFO o.a.j.r.d.TemplateVisitor: Copying folder from '/cht/cht-core/tests/scalability/jmeter/bin/report-template' to '/cht/cht-core/tests/scalability/./report-gxYkByV0Vo', got message: /cht/cht-core/tests/scalability/./report-gxYkByV0Vo, found non empty folder with following content [/cht/cht-core/tests/scalability/./report-gxYkByV0Vo/stderr3, /cht/cht-core/tests/scalability/./report-gxYkByV0Vo/stdout5, /cht/cht-core/tests/scalability/./report-gxYkByV0Vo/stderr4, /cht/cht-core/tests/scalability/./report-gxYkByV0Vo/stdout8, /cht/cht-core/tests/scalability/./report-gxYkByV0Vo/stdout1, /cht/cht-core/tests/scalability/./report-gxYkByV0Vo/stdout7, /cht/cht-core/tests/scalability/./report-gxYkByV0Vo/stderr2, /cht/cht-core/tests/scalability/./report-gxYkByV0Vo/stderr9, /cht/cht-core/tests/scalability/./report-gxYkByV0Vo/stderr6, /cht/cht-core/tests/scalability/./report-gxYkByV0Vo/stdout2, /cht/cht-core/tests/scalability/./report-gxYkByV0Vo/stderr7, /cht/cht-core/tests/scalability/./report-gxYkByV0Vo/stderr10, /cht/cht-core/tests/scalability/./report-gxYkByV0Vo/statistics.json, /cht/cht-core/tests/scalability/./report-gxYkByV0Vo/stdout9, /cht/cht-core/tests/scalability/./report-gxYkByV0Vo/stdout10, /cht/cht-core/tests/scalability/./report-gxYkByV0Vo/stdout3, /cht/cht-core/tests/scalability/./report-gxYkByV0Vo/stderr8, /cht/cht-core/tests/scalability/./report-gxYkByV0Vo/cli_run.jtl, /cht/cht-core/tests/scalability/./report-gxYkByV0Vo/stderr5, /cht/cht-core/tests/scalability/./report-gxYkByV0Vo/stdout6, /cht/cht-core/tests/scalability/./report-gxYkByV0Vo/stderr1, /cht/cht-core/tests/scalability/./report-gxYkByV0Vo/stdout4], will be ignored
2026-02-25 18:04:43,195 INFO o.a.j.JMeter: Dashboard generated
