2026-05-26 13:13:31,045 INFO o.a.j.u.JMeterUtils: Setting Locale to en_EN
2026-05-26 13:13:31,067 INFO o.a.j.JMeter: Loading user properties from: /cht/cht-core/tests/scalability/jmeter/bin/user.properties
2026-05-26 13:13:31,068 INFO o.a.j.JMeter: Loading system properties from: /cht/cht-core/tests/scalability/jmeter/bin/system.properties
2026-05-26 13:13:31,068 INFO o.a.j.JMeter: Setting JMeter property: working_dir=./report-ugcwfidSH7
2026-05-26 13:13:31,068 INFO o.a.j.JMeter: Setting JMeter property: node_binary=/usr/bin/node
2026-05-26 13:13:31,068 INFO o.a.j.JMeter: Setting JMeter property: number_of_threads=10
2026-05-26 13:13:31,074 INFO o.a.j.JMeter: Copyright (c) 1998-2024 The Apache Software Foundation
2026-05-26 13:13:31,074 INFO o.a.j.JMeter: Version 5.6.3
2026-05-26 13:13:31,074 INFO o.a.j.JMeter: java.version=21.0.10
2026-05-26 13:13:31,074 INFO o.a.j.JMeter: java.vm.name=OpenJDK 64-Bit Server VM
2026-05-26 13:13:31,074 INFO o.a.j.JMeter: os.name=Linux
2026-05-26 13:13:31,074 INFO o.a.j.JMeter: os.arch=amd64
2026-05-26 13:13:31,074 INFO o.a.j.JMeter: os.version=6.8.0-1029-aws
2026-05-26 13:13:31,074 INFO o.a.j.JMeter: file.encoding=UTF-8
2026-05-26 13:13:31,074 INFO o.a.j.JMeter: java.awt.headless=true
2026-05-26 13:13:31,074 INFO o.a.j.JMeter: Max memory     =1073741824
2026-05-26 13:13:31,074 INFO o.a.j.JMeter: Available Processors =8
2026-05-26 13:13:31,082 INFO o.a.j.JMeter: Default Locale=English (EN)
2026-05-26 13:13:31,083 INFO o.a.j.JMeter: JMeter  Locale=English (EN)
2026-05-26 13:13:31,083 INFO o.a.j.JMeter: JMeterHome=/cht/cht-core/tests/scalability/jmeter
2026-05-26 13:13:31,083 INFO o.a.j.JMeter: user.dir  =/cht/cht-core/tests/scalability
2026-05-26 13:13:31,083 INFO o.a.j.JMeter: PWD       =/cht/cht-core/tests/scalability
2026-05-26 13:13:31,085 INFO o.a.j.JMeter: IP: 172.31.0.136 Name: ip-172-31-0-136 FullName: ip-172-31-0-136.ca-central-1.compute.internal
2026-05-26 13:13:31,096 INFO o.a.j.JMeter: Setting property 'jmeter.reportgenerator.outputdir' to:'/cht/cht-core/tests/scalability/./report-ugcwfidSH7'
2026-05-26 13:13:31,098 INFO o.a.j.s.FileServer: Default base='/cht/cht-core/tests/scalability'
2026-05-26 13:13:31,100 INFO o.a.j.s.FileServer: Set new base='/cht/cht-core/tests/scalability'
2026-05-26 13:13:31,268 INFO o.a.j.s.SaveService: Testplan (JMX) version: 2.2. Testlog (JTL) version: 2.2
2026-05-26 13:13:31,292 INFO o.a.j.s.SaveService: Using SaveService properties version 5.0
2026-05-26 13:13:31,295 INFO o.a.j.s.SaveService: Using SaveService properties file encoding UTF-8
2026-05-26 13:13:31,298 INFO o.a.j.s.SaveService: Loading file: sync.jmx
2026-05-26 13:13:31,367 INFO o.a.j.JMeter: Creating summariser <summary>
2026-05-26 13:13:31,371 INFO o.a.j.r.d.ReportGenerator: ReportGenerator will use for Parsing the separator: ','
2026-05-26 13:13:31,371 INFO o.a.j.r.d.ReportGenerator: Will generate report at end of test from  results file: ./report-ugcwfidSH7/cli_run.jtl
2026-05-26 13:13:31,372 INFO o.a.j.r.d.ReportGenerator: Reading report generator properties from: /cht/cht-core/tests/scalability/jmeter/bin/reportgenerator.properties
2026-05-26 13:13:31,372 INFO o.a.j.r.d.ReportGenerator: Merging with JMeter properties
2026-05-26 13:13:31,376 INFO o.a.j.r.c.ReportGeneratorConfiguration: Property 'jmeter.reportgenerator.temp_dir' not found, using default value 'temp' instead.
2026-05-26 13:13:31,378 INFO o.a.j.r.c.ReportGeneratorConfiguration: Property 'jmeter.reportgenerator.apdex_per_transaction' not found, using default value 'null' instead.
2026-05-26 13:13:31,384 INFO o.a.j.r.c.ReportGeneratorConfiguration: apdex_per_transaction is empty, not APDEX per transaction customization
2026-05-26 13:13:31,384 INFO o.a.j.r.c.ReportGeneratorConfiguration: Property 'jmeter.reportgenerator.sample_filter' not found, using default value 'null' instead.
2026-05-26 13:13:31,384 INFO o.a.j.r.c.ReportGeneratorConfiguration: Property 'jmeter.reportgenerator.report_title' not found, using default value 'null' instead.
2026-05-26 13:13:31,384 INFO o.a.j.r.c.ReportGeneratorConfiguration: Property 'jmeter.reportgenerator.start_date' not found, using default value 'null' instead.
2026-05-26 13:13:31,384 INFO o.a.j.r.c.ReportGeneratorConfiguration: Property 'jmeter.reportgenerator.end_date' not found, using default value 'null' instead.
2026-05-26 13:13:31,384 INFO o.a.j.r.c.ReportGeneratorConfiguration: Property 'jmeter.reportgenerator.date_format' not found, using default value 'null' instead.
2026-05-26 13:13:31,385 INFO o.a.j.r.c.ReportGeneratorConfiguration: Will use date range start date: null, end date: null
2026-05-26 13:13:31,389 INFO o.a.j.r.c.ReportGeneratorConfiguration: Property 'jmeter.reportgenerator.graph.totalTPS.exclude_controllers' not found, using default value 'false' instead.
2026-05-26 13:13:31,390 INFO o.a.j.r.c.ReportGeneratorConfiguration: Property 'jmeter.reportgenerator.graph.activeThreadsOverTime.exclude_controllers' not found, using default value 'false' instead.
2026-05-26 13:13:31,390 INFO o.a.j.r.c.ReportGeneratorConfiguration: Property 'jmeter.reportgenerator.graph.timeVsThreads.exclude_controllers' not found, using default value 'false' instead.
2026-05-26 13:13:31,390 INFO o.a.j.r.c.ReportGeneratorConfiguration: Property 'jmeter.reportgenerator.graph.responseTimeDistribution.exclude_controllers' not found, using default value 'false' instead.
2026-05-26 13:13:31,390 INFO o.a.j.r.c.ReportGeneratorConfiguration: Property 'jmeter.reportgenerator.graph.transactionsPerSecond.exclude_controllers' not found, using default value 'false' instead.
2026-05-26 13:13:31,390 INFO o.a.j.r.c.ReportGeneratorConfiguration: Property 'jmeter.reportgenerator.graph.responseTimePercentiles.exclude_controllers' not found, using default value 'false' instead.
2026-05-26 13:13:31,390 INFO o.a.j.r.c.ReportGeneratorConfiguration: Property 'jmeter.reportgenerator.graph.responseTimePercentilesOverTime.exclude_controllers' not found, using default value 'false' instead.
2026-05-26 13:13:31,390 INFO o.a.j.r.c.ReportGeneratorConfiguration: Property 'jmeter.reportgenerator.graph.responseTimesOverTime.exclude_controllers' not found, using default value 'false' instead.
2026-05-26 13:13:31,390 INFO o.a.j.r.c.ReportGeneratorConfiguration: Property 'jmeter.reportgenerator.graph.connectTimeOverTime.exclude_controllers' not found, using default value 'false' instead.
2026-05-26 13:13:31,390 INFO o.a.j.r.c.ReportGeneratorConfiguration: Property 'jmeter.reportgenerator.graph.latenciesOverTime.exclude_controllers' not found, using default value 'false' instead.
2026-05-26 13:13:31,391 INFO o.a.j.r.c.ReportGeneratorConfiguration: Property 'jmeter.reportgenerator.exporter.json.filters_only_sample_series' not found, using default value 'true' instead.
2026-05-26 13:13:31,391 INFO o.a.j.r.c.ReportGeneratorConfiguration: Property 'jmeter.reportgenerator.exporter.json.series_filter' not found, using default value '' instead.
2026-05-26 13:13:31,391 INFO o.a.j.r.c.ReportGeneratorConfiguration: Property 'jmeter.reportgenerator.exporter.json.show_controllers_only' not found, using default value 'false' instead.
2026-05-26 13:13:31,392 INFO o.a.j.r.c.ReportGeneratorConfiguration: Property 'jmeter.reportgenerator.exporter.html.filters_only_sample_series' not found, using default value 'true' instead.
2026-05-26 13:13:31,392 INFO o.a.j.r.c.ReportGeneratorConfiguration: Property 'jmeter.reportgenerator.exporter.html.series_filter' not found, using default value '' instead.
2026-05-26 13:13:31,392 INFO o.a.j.r.c.ReportGeneratorConfiguration: Property 'jmeter.reportgenerator.exporter.html.show_controllers_only' not found, using default value 'false' instead.
2026-05-26 13:13:31,402 INFO o.a.j.e.StandardJMeterEngine: Running the test!
2026-05-26 13:13:31,403 INFO o.a.j.s.SampleEvent: List of sample_variables: []
2026-05-26 13:13:31,403 INFO o.a.j.s.SampleEvent: List of sample_variables: []
2026-05-26 13:13:31,407 INFO o.a.j.e.u.CompoundVariable: Note: Function class names must contain the string: '.functions.'
2026-05-26 13:13:31,407 INFO o.a.j.e.u.CompoundVariable: Note: Function class names must not contain the string: '.gui.'
2026-05-26 13:13:31,467 INFO o.a.j.r.ClassFinder: Will scan jar /cht/cht-core/tests/scalability/jmeter/lib/ext/jmeter-plugins-mergeresults-2.1.jar with filter ExtendsClassFilter [parents=[interface org.apache.jmeter.functions.Function], inner=false, contains=null, notContains=null]. Consider exposing JMeter plugins via META-INF/services, and add JMeter-Skip-Class-Scanning=true manifest attribute so JMeter can skip classfile scanning
2026-05-26 13:13:31,472 INFO o.a.j.r.ClassFinder: Will scan jar /cht/cht-core/tests/scalability/jmeter/lib/ext/jmeter-plugins-manager-1.4.jar with filter ExtendsClassFilter [parents=[interface org.apache.jmeter.functions.Function], inner=false, contains=null, notContains=null]. Consider exposing JMeter plugins via META-INF/services, and add JMeter-Skip-Class-Scanning=true manifest attribute so JMeter can skip classfile scanning
2026-05-26 13:13:31,578 INFO o.a.j.JMeter: Running test (1779801211578)
2026-05-26 13:13:31,596 INFO o.a.j.e.StandardJMeterEngine: Starting ThreadGroup: 1 : Thread Group
2026-05-26 13:13:31,597 INFO o.a.j.e.StandardJMeterEngine: Starting 10 threads for group Thread Group.
2026-05-26 13:13:31,597 INFO o.a.j.e.StandardJMeterEngine: Thread will continue on error
2026-05-26 13:13:31,597 INFO o.a.j.t.ThreadGroup: Starting thread group... number=1 threads=10 ramp-up=1 delayedStart=false
2026-05-26 13:13:31,603 INFO o.a.j.t.JMeterThread: Thread started: Thread Group 1-1
2026-05-26 13:13:31,605 INFO o.a.j.t.ThreadGroup: Started thread group number 1
2026-05-26 13:13:31,605 INFO o.a.j.e.StandardJMeterEngine: All thread groups have been started
2026-05-26 13:13:31,607 INFO o.a.j.s.SampleResult: Note: Sample TimeStamps are START times
2026-05-26 13:13:31,607 INFO o.a.j.s.SampleResult: sampleresult.default.encoding is set to UTF-8
2026-05-26 13:13:31,607 INFO o.a.j.s.SampleResult: sampleresult.useNanoTime=true
2026-05-26 13:13:31,607 INFO o.a.j.s.SampleResult: sampleresult.nanoThreadSleep=5000
2026-05-26 13:13:31,700 INFO o.a.j.t.JMeterThread: Thread started: Thread Group 1-2
2026-05-26 13:13:31,799 INFO o.a.j.t.JMeterThread: Thread started: Thread Group 1-3
2026-05-26 13:13:31,855 INFO o.a.j.r.Summariser: summary +      1 in 00:00:00 =    3.6/s Avg:   243 Min:   243 Max:   243 Err:     1 (100.00%) Active: 3 Started: 3 Finished: 0
2026-05-26 13:13:31,855 INFO o.a.j.t.JMeterThread: Thread is done: Thread Group 1-1
2026-05-26 13:13:31,855 INFO o.a.j.t.JMeterThread: Thread finished: Thread Group 1-1
2026-05-26 13:13:31,899 INFO o.a.j.t.JMeterThread: Thread started: Thread Group 1-4
2026-05-26 13:13:31,945 INFO o.a.j.t.JMeterThread: Thread is done: Thread Group 1-2
2026-05-26 13:13:31,945 INFO o.a.j.t.JMeterThread: Thread finished: Thread Group 1-2
2026-05-26 13:13:31,998 INFO o.a.j.t.JMeterThread: Thread started: Thread Group 1-5
2026-05-26 13:13:32,032 INFO o.a.j.t.JMeterThread: Thread is done: Thread Group 1-3
2026-05-26 13:13:32,032 INFO o.a.j.t.JMeterThread: Thread finished: Thread Group 1-3
2026-05-26 13:13:32,098 INFO o.a.j.t.JMeterThread: Thread started: Thread Group 1-6
2026-05-26 13:13:32,146 INFO o.a.j.t.JMeterThread: Thread is done: Thread Group 1-4
2026-05-26 13:13:32,146 INFO o.a.j.t.JMeterThread: Thread finished: Thread Group 1-4
2026-05-26 13:13:32,198 INFO o.a.j.t.JMeterThread: Thread started: Thread Group 1-7
2026-05-26 13:13:32,282 INFO o.a.j.t.JMeterThread: Thread is done: Thread Group 1-5
2026-05-26 13:13:32,282 INFO o.a.j.t.JMeterThread: Thread finished: Thread Group 1-5
2026-05-26 13:13:32,298 INFO o.a.j.t.JMeterThread: Thread started: Thread Group 1-8
2026-05-26 13:13:32,323 INFO o.a.j.t.JMeterThread: Thread is done: Thread Group 1-6
2026-05-26 13:13:32,323 INFO o.a.j.t.JMeterThread: Thread finished: Thread Group 1-6
2026-05-26 13:13:32,398 INFO o.a.j.t.JMeterThread: Thread started: Thread Group 1-9
2026-05-26 13:13:32,439 INFO o.a.j.t.JMeterThread: Thread is done: Thread Group 1-7
2026-05-26 13:13:32,440 INFO o.a.j.t.JMeterThread: Thread finished: Thread Group 1-7
2026-05-26 13:13:32,498 INFO o.a.j.t.JMeterThread: Thread started: Thread Group 1-10
2026-05-26 13:13:32,570 INFO o.a.j.t.JMeterThread: Thread is done: Thread Group 1-8
2026-05-26 13:13:32,570 INFO o.a.j.t.JMeterThread: Thread finished: Thread Group 1-8
2026-05-26 13:13:32,625 INFO o.a.j.t.JMeterThread: Thread is done: Thread Group 1-9
2026-05-26 13:13:32,625 INFO o.a.j.t.JMeterThread: Thread finished: Thread Group 1-9
2026-05-26 13:13:32,723 INFO o.a.j.t.JMeterThread: Thread is done: Thread Group 1-10
2026-05-26 13:13:32,723 INFO o.a.j.t.JMeterThread: Thread finished: Thread Group 1-10
2026-05-26 13:13:32,724 INFO o.a.j.e.StandardJMeterEngine: Notifying test listeners of end of test
2026-05-26 13:13:32,724 INFO o.a.j.r.Summariser: summary +      9 in 00:00:01 =   10.3/s Avg:   243 Min:   225 Max:   283 Err:     9 (100.00%) Active: 0 Started: 10 Finished: 10
2026-05-26 13:13:32,724 INFO o.a.j.r.Summariser: summary =     10 in 00:00:01 =    8.7/s Avg:   243 Min:   225 Max:   283 Err:    10 (100.00%)
2026-05-26 13:13:32,725 INFO o.a.j.JMeter: Generating Dashboard
2026-05-26 13:13:32,725 INFO o.a.j.r.d.ReportGenerator: Flushing result collector before report Generation
2026-05-26 13:13:32,735 INFO o.a.j.r.p.NormalizerSampleConsumer: Using format, 'ms', to parse timeStamp field
2026-05-26 13:13:32,791 INFO o.a.j.r.p.AbstractSampleConsumer: class org.apache.jmeter.report.processor.AggregateConsumer#stopProducing(): beginDate produced 0 samples
2026-05-26 13:13:32,791 INFO o.a.j.r.p.AbstractSampleConsumer: class org.apache.jmeter.report.processor.AggregateConsumer#stopProducing(): endDate produced 0 samples
2026-05-26 13:13:32,792 INFO o.a.j.r.p.AbstractSampleConsumer: class org.apache.jmeter.report.processor.ApdexSummaryConsumer#stopProducing(): apdexSummary produced 0 samples
2026-05-26 13:13:32,793 INFO o.a.j.r.p.AbstractSampleConsumer: class org.apache.jmeter.report.processor.RequestsSummaryConsumer#stopProducing(): requestsSummary produced 0 samples
2026-05-26 13:13:32,798 INFO o.a.j.r.p.AbstractSampleConsumer: class org.apache.jmeter.report.processor.StatisticsSummaryConsumer#stopProducing(): statisticsSummary produced 0 samples
2026-05-26 13:13:32,800 INFO o.a.j.r.p.AbstractSampleConsumer: class org.apache.jmeter.report.processor.Top5ErrorsBySamplerConsumer#stopProducing(): top5ErrorsBySampler produced 0 samples
2026-05-26 13:13:32,800 INFO o.a.j.r.p.AbstractSampleConsumer: class org.apache.jmeter.report.processor.ErrorsSummaryConsumer#stopProducing(): errorsSummary produced 0 samples
2026-05-26 13:13:32,800 INFO o.a.j.r.p.AbstractSampleConsumer: class org.apache.jmeter.report.processor.graph.impl.HitsPerSecondGraphConsumer#stopProducing(): hitsPerSecond produced 0 samples
2026-05-26 13:13:32,812 INFO o.a.j.r.p.AbstractSampleConsumer: class org.apache.jmeter.report.processor.graph.impl.LatencyVSRequestGraphConsumer#stopProducing(): latencyVsRequest produced 0 samples
2026-05-26 13:13:32,812 INFO o.a.j.r.p.AbstractSampleConsumer: class org.apache.jmeter.report.processor.graph.impl.SyntheticResponseTimeDistributionGraphConsumer#stopProducing(): syntheticResponseTimeDistribution produced 0 samples
2026-05-26 13:13:32,813 INFO o.a.j.r.p.AbstractSampleConsumer: class org.apache.jmeter.report.processor.graph.impl.BytesThroughputGraphConsumer#stopProducing(): bytesThroughputOverTime produced 0 samples
2026-05-26 13:13:32,813 INFO o.a.j.r.p.AbstractSampleConsumer: class org.apache.jmeter.report.processor.graph.impl.CodesPerSecondGraphConsumer#stopProducing(): codesPerSecond produced 0 samples
2026-05-26 13:13:32,815 INFO o.a.j.r.p.AbstractSampleConsumer: class org.apache.jmeter.report.processor.graph.impl.ResponseTimeVSRequestGraphConsumer#stopProducing(): responseTimeVsRequest produced 0 samples
2026-05-26 13:13:32,815 INFO o.a.j.r.p.AbstractSampleConsumer: class org.apache.jmeter.report.processor.FilterConsumer#stopProducing(): startIntervalControlerFilter produced 70 samples
2026-05-26 13:13:32,815 INFO o.a.j.r.p.AbstractSampleConsumer: class org.apache.jmeter.report.processor.graph.impl.TotalTPSGraphConsumer#stopProducing(): totalTPS produced 0 samples
2026-05-26 13:13:32,815 INFO o.a.j.r.p.AbstractSampleConsumer: class org.apache.jmeter.report.processor.graph.impl.ActiveThreadsGraphConsumer#stopProducing(): activeThreadsOverTime produced 0 samples
2026-05-26 13:13:32,815 INFO o.a.j.r.p.AbstractSampleConsumer: class org.apache.jmeter.report.processor.graph.impl.TimeVSThreadGraphConsumer#stopProducing(): timeVsThreads produced 0 samples
2026-05-26 13:13:32,816 INFO o.a.j.r.p.AbstractSampleConsumer: class org.apache.jmeter.report.processor.graph.impl.ResponseTimeDistributionGraphConsumer#stopProducing(): responseTimeDistribution produced 0 samples
2026-05-26 13:13:32,816 INFO o.a.j.r.p.AbstractSampleConsumer: class org.apache.jmeter.report.processor.graph.impl.TransactionsPerSecondGraphConsumer#stopProducing(): transactionsPerSecond produced 0 samples
2026-05-26 13:13:32,816 INFO o.a.j.r.p.AbstractSampleConsumer: class org.apache.jmeter.report.processor.graph.impl.ResponseTimePercentilesGraphConsumer#stopProducing(): responseTimePercentiles produced 0 samples
2026-05-26 13:13:32,816 INFO o.a.j.r.p.AbstractSampleConsumer: class org.apache.jmeter.report.processor.graph.impl.ResponseTimePercentilesOverTimeGraphConsumer#stopProducing(): responseTimePercentilesOverTime produced 0 samples
2026-05-26 13:13:32,816 INFO o.a.j.r.p.AbstractSampleConsumer: class org.apache.jmeter.report.processor.graph.impl.ResponseTimeOverTimeGraphConsumer#stopProducing(): responseTimesOverTime produced 0 samples
2026-05-26 13:13:32,817 INFO o.a.j.r.p.AbstractSampleConsumer: class org.apache.jmeter.report.processor.graph.impl.ConnectTimeOverTimeGraphConsumer#stopProducing(): connectTimeOverTime produced 0 samples
2026-05-26 13:13:32,818 INFO o.a.j.r.p.AbstractSampleConsumer: class org.apache.jmeter.report.processor.graph.impl.LatencyOverTimeGraphConsumer#stopProducing(): latenciesOverTime produced 0 samples
2026-05-26 13:13:32,818 INFO o.a.j.r.p.AbstractSampleConsumer: class org.apache.jmeter.report.processor.FilterConsumer#stopProducing(): nameFilter produced 150 samples
2026-05-26 13:13:32,819 INFO o.a.j.r.p.AbstractSampleConsumer: class org.apache.jmeter.report.processor.FilterConsumer#stopProducing(): dateRangeFilter produced 30 samples
2026-05-26 13:13:32,819 INFO o.a.j.r.p.AbstractSampleConsumer: class org.apache.jmeter.report.processor.NormalizerSampleConsumer#stopProducing(): normalizer produced 10 samples
2026-05-26 13:13:32,819 INFO o.a.j.r.p.CsvFileSampleSource: produce(): 10 samples produced in 62ms on channel 0
2026-05-26 13:13:32,819 INFO o.a.j.r.d.ReportGenerator: Exporting data using exporter:'json' of className:'org.apache.jmeter.report.dashboard.JsonExporter'
2026-05-26 13:13:32,893 INFO o.a.j.r.d.JsonExporter: Found data for consumer statisticsSummary in context
2026-05-26 13:13:32,893 INFO o.a.j.r.d.JsonExporter: Creating statistics for overall
2026-05-26 13:13:32,893 INFO o.a.j.r.d.JsonExporter: Creating statistics for other transactions
2026-05-26 13:13:32,894 INFO o.a.j.r.d.JsonExporter: Checking output folder
2026-05-26 13:13:32,894 INFO o.a.j.r.d.JsonExporter: Writing statistics JSON to /cht/cht-core/tests/scalability/./report-ugcwfidSH7/statistics.json
2026-05-26 13:13:32,930 INFO o.a.j.r.d.ReportGenerator: Exporting data using exporter:'html' of className:'org.apache.jmeter.report.dashboard.HtmlTemplateExporter'
2026-05-26 13:13:32,932 INFO o.a.j.r.d.HtmlTemplateExporter: Will generate dashboard in folder: /cht/cht-core/tests/scalability/./report-ugcwfidSH7
2026-05-26 13:13:33,023 INFO o.a.j.r.d.HtmlTemplateExporter: Report will be generated in: /cht/cht-core/tests/scalability/./report-ugcwfidSH7, creating folder structure
2026-05-26 13:13:33,025 INFO o.a.j.r.d.TemplateVisitor: Copying folder from '/cht/cht-core/tests/scalability/jmeter/bin/report-template' to '/cht/cht-core/tests/scalability/./report-ugcwfidSH7', got message: /cht/cht-core/tests/scalability/./report-ugcwfidSH7, found non empty folder with following content [/cht/cht-core/tests/scalability/./report-ugcwfidSH7/stderr3, /cht/cht-core/tests/scalability/./report-ugcwfidSH7/stdout5, /cht/cht-core/tests/scalability/./report-ugcwfidSH7/stderr4, /cht/cht-core/tests/scalability/./report-ugcwfidSH7/stdout8, /cht/cht-core/tests/scalability/./report-ugcwfidSH7/stdout1, /cht/cht-core/tests/scalability/./report-ugcwfidSH7/stdout7, /cht/cht-core/tests/scalability/./report-ugcwfidSH7/stderr2, /cht/cht-core/tests/scalability/./report-ugcwfidSH7/stderr9, /cht/cht-core/tests/scalability/./report-ugcwfidSH7/stderr6, /cht/cht-core/tests/scalability/./report-ugcwfidSH7/stdout2, /cht/cht-core/tests/scalability/./report-ugcwfidSH7/stderr7, /cht/cht-core/tests/scalability/./report-ugcwfidSH7/stderr10, /cht/cht-core/tests/scalability/./report-ugcwfidSH7/statistics.json, /cht/cht-core/tests/scalability/./report-ugcwfidSH7/stdout9, /cht/cht-core/tests/scalability/./report-ugcwfidSH7/stdout10, /cht/cht-core/tests/scalability/./report-ugcwfidSH7/stdout3, /cht/cht-core/tests/scalability/./report-ugcwfidSH7/stderr8, /cht/cht-core/tests/scalability/./report-ugcwfidSH7/cli_run.jtl, /cht/cht-core/tests/scalability/./report-ugcwfidSH7/stderr5, /cht/cht-core/tests/scalability/./report-ugcwfidSH7/stdout6, /cht/cht-core/tests/scalability/./report-ugcwfidSH7/stderr1, /cht/cht-core/tests/scalability/./report-ugcwfidSH7/stdout4], will be ignored
2026-05-26 13:13:33,194 INFO o.a.j.JMeter: Dashboard generated
