2025-09-06 11:26:57,737 INFO o.a.j.u.JMeterUtils: Setting Locale to en_EN
2025-09-06 11:26:57,752 INFO o.a.j.JMeter: Loading user properties from: /cht/cht-core/tests/scalability/jmeter/bin/user.properties
2025-09-06 11:26:57,752 INFO o.a.j.JMeter: Loading system properties from: /cht/cht-core/tests/scalability/jmeter/bin/system.properties
2025-09-06 11:26:57,753 INFO o.a.j.JMeter: Setting JMeter property: working_dir=./report-na5ev5CAZr
2025-09-06 11:26:57,753 INFO o.a.j.JMeter: Setting JMeter property: node_binary=/usr/bin/node
2025-09-06 11:26:57,753 INFO o.a.j.JMeter: Setting JMeter property: number_of_threads=10
2025-09-06 11:26:57,756 INFO o.a.j.JMeter: Copyright (c) 1998-2024 The Apache Software Foundation
2025-09-06 11:26:57,757 INFO o.a.j.JMeter: Version 5.6.3
2025-09-06 11:26:57,757 INFO o.a.j.JMeter: java.version=21.0.8
2025-09-06 11:26:57,757 INFO o.a.j.JMeter: java.vm.name=OpenJDK 64-Bit Server VM
2025-09-06 11:26:57,757 INFO o.a.j.JMeter: os.name=Linux
2025-09-06 11:26:57,757 INFO o.a.j.JMeter: os.arch=amd64
2025-09-06 11:26:57,757 INFO o.a.j.JMeter: os.version=6.8.0-1029-aws
2025-09-06 11:26:57,757 INFO o.a.j.JMeter: file.encoding=UTF-8
2025-09-06 11:26:57,757 INFO o.a.j.JMeter: java.awt.headless=true
2025-09-06 11:26:57,757 INFO o.a.j.JMeter: Max memory     =1073741824
2025-09-06 11:26:57,757 INFO o.a.j.JMeter: Available Processors =8
2025-09-06 11:26:57,765 INFO o.a.j.JMeter: Default Locale=English (EN)
2025-09-06 11:26:57,765 INFO o.a.j.JMeter: JMeter  Locale=English (EN)
2025-09-06 11:26:57,765 INFO o.a.j.JMeter: JMeterHome=/cht/cht-core/tests/scalability/jmeter
2025-09-06 11:26:57,765 INFO o.a.j.JMeter: user.dir  =/cht/cht-core/tests/scalability
2025-09-06 11:26:57,765 INFO o.a.j.JMeter: PWD       =/cht/cht-core/tests/scalability
2025-09-06 11:26:57,767 INFO o.a.j.JMeter: IP: 172.31.15.23 Name: ip-172-31-15-23 FullName: ip-172-31-15-23.ca-central-1.compute.internal
2025-09-06 11:26:57,777 INFO o.a.j.JMeter: Setting property 'jmeter.reportgenerator.outputdir' to:'/cht/cht-core/tests/scalability/./report-na5ev5CAZr'
2025-09-06 11:26:57,779 INFO o.a.j.s.FileServer: Default base='/cht/cht-core/tests/scalability'
2025-09-06 11:26:57,780 INFO o.a.j.s.FileServer: Set new base='/cht/cht-core/tests/scalability'
2025-09-06 11:26:57,930 INFO o.a.j.s.SaveService: Testplan (JMX) version: 2.2. Testlog (JTL) version: 2.2
2025-09-06 11:26:57,954 INFO o.a.j.s.SaveService: Using SaveService properties version 5.0
2025-09-06 11:26:57,957 INFO o.a.j.s.SaveService: Using SaveService properties file encoding UTF-8
2025-09-06 11:26:57,960 INFO o.a.j.s.SaveService: Loading file: sync.jmx
2025-09-06 11:26:58,017 INFO o.a.j.JMeter: Creating summariser <summary>
2025-09-06 11:26:58,021 INFO o.a.j.r.d.ReportGenerator: ReportGenerator will use for Parsing the separator: ','
2025-09-06 11:26:58,021 INFO o.a.j.r.d.ReportGenerator: Will generate report at end of test from  results file: ./report-na5ev5CAZr/cli_run.jtl
2025-09-06 11:26:58,021 INFO o.a.j.r.d.ReportGenerator: Reading report generator properties from: /cht/cht-core/tests/scalability/jmeter/bin/reportgenerator.properties
2025-09-06 11:26:58,021 INFO o.a.j.r.d.ReportGenerator: Merging with JMeter properties
2025-09-06 11:26:58,024 INFO o.a.j.r.c.ReportGeneratorConfiguration: Property 'jmeter.reportgenerator.temp_dir' not found, using default value 'temp' instead.
2025-09-06 11:26:58,026 INFO o.a.j.r.c.ReportGeneratorConfiguration: Property 'jmeter.reportgenerator.apdex_per_transaction' not found, using default value 'null' instead.
2025-09-06 11:26:58,033 INFO o.a.j.r.c.ReportGeneratorConfiguration: apdex_per_transaction is empty, not APDEX per transaction customization
2025-09-06 11:26:58,033 INFO o.a.j.r.c.ReportGeneratorConfiguration: Property 'jmeter.reportgenerator.sample_filter' not found, using default value 'null' instead.
2025-09-06 11:26:58,033 INFO o.a.j.r.c.ReportGeneratorConfiguration: Property 'jmeter.reportgenerator.report_title' not found, using default value 'null' instead.
2025-09-06 11:26:58,033 INFO o.a.j.r.c.ReportGeneratorConfiguration: Property 'jmeter.reportgenerator.start_date' not found, using default value 'null' instead.
2025-09-06 11:26:58,033 INFO o.a.j.r.c.ReportGeneratorConfiguration: Property 'jmeter.reportgenerator.end_date' not found, using default value 'null' instead.
2025-09-06 11:26:58,033 INFO o.a.j.r.c.ReportGeneratorConfiguration: Property 'jmeter.reportgenerator.date_format' not found, using default value 'null' instead.
2025-09-06 11:26:58,034 INFO o.a.j.r.c.ReportGeneratorConfiguration: Will use date range start date: null, end date: null
2025-09-06 11:26:58,036 INFO o.a.j.r.c.ReportGeneratorConfiguration: Property 'jmeter.reportgenerator.graph.totalTPS.exclude_controllers' not found, using default value 'false' instead.
2025-09-06 11:26:58,037 INFO o.a.j.r.c.ReportGeneratorConfiguration: Property 'jmeter.reportgenerator.graph.activeThreadsOverTime.exclude_controllers' not found, using default value 'false' instead.
2025-09-06 11:26:58,037 INFO o.a.j.r.c.ReportGeneratorConfiguration: Property 'jmeter.reportgenerator.graph.timeVsThreads.exclude_controllers' not found, using default value 'false' instead.
2025-09-06 11:26:58,037 INFO o.a.j.r.c.ReportGeneratorConfiguration: Property 'jmeter.reportgenerator.graph.responseTimeDistribution.exclude_controllers' not found, using default value 'false' instead.
2025-09-06 11:26:58,037 INFO o.a.j.r.c.ReportGeneratorConfiguration: Property 'jmeter.reportgenerator.graph.transactionsPerSecond.exclude_controllers' not found, using default value 'false' instead.
2025-09-06 11:26:58,037 INFO o.a.j.r.c.ReportGeneratorConfiguration: Property 'jmeter.reportgenerator.graph.responseTimePercentiles.exclude_controllers' not found, using default value 'false' instead.
2025-09-06 11:26:58,037 INFO o.a.j.r.c.ReportGeneratorConfiguration: Property 'jmeter.reportgenerator.graph.responseTimePercentilesOverTime.exclude_controllers' not found, using default value 'false' instead.
2025-09-06 11:26:58,037 INFO o.a.j.r.c.ReportGeneratorConfiguration: Property 'jmeter.reportgenerator.graph.responseTimesOverTime.exclude_controllers' not found, using default value 'false' instead.
2025-09-06 11:26:58,037 INFO o.a.j.r.c.ReportGeneratorConfiguration: Property 'jmeter.reportgenerator.graph.connectTimeOverTime.exclude_controllers' not found, using default value 'false' instead.
2025-09-06 11:26:58,037 INFO o.a.j.r.c.ReportGeneratorConfiguration: Property 'jmeter.reportgenerator.graph.latenciesOverTime.exclude_controllers' not found, using default value 'false' instead.
2025-09-06 11:26:58,038 INFO o.a.j.r.c.ReportGeneratorConfiguration: Property 'jmeter.reportgenerator.exporter.json.filters_only_sample_series' not found, using default value 'true' instead.
2025-09-06 11:26:58,038 INFO o.a.j.r.c.ReportGeneratorConfiguration: Property 'jmeter.reportgenerator.exporter.json.series_filter' not found, using default value '' instead.
2025-09-06 11:26:58,038 INFO o.a.j.r.c.ReportGeneratorConfiguration: Property 'jmeter.reportgenerator.exporter.json.show_controllers_only' not found, using default value 'false' instead.
2025-09-06 11:26:58,039 INFO o.a.j.r.c.ReportGeneratorConfiguration: Property 'jmeter.reportgenerator.exporter.html.filters_only_sample_series' not found, using default value 'true' instead.
2025-09-06 11:26:58,039 INFO o.a.j.r.c.ReportGeneratorConfiguration: Property 'jmeter.reportgenerator.exporter.html.series_filter' not found, using default value '' instead.
2025-09-06 11:26:58,039 INFO o.a.j.r.c.ReportGeneratorConfiguration: Property 'jmeter.reportgenerator.exporter.html.show_controllers_only' not found, using default value 'false' instead.
2025-09-06 11:26:58,049 INFO o.a.j.e.StandardJMeterEngine: Running the test!
2025-09-06 11:26:58,049 INFO o.a.j.s.SampleEvent: List of sample_variables: []
2025-09-06 11:26:58,049 INFO o.a.j.s.SampleEvent: List of sample_variables: []
2025-09-06 11:26:58,053 INFO o.a.j.e.u.CompoundVariable: Note: Function class names must contain the string: '.functions.'
2025-09-06 11:26:58,053 INFO o.a.j.e.u.CompoundVariable: Note: Function class names must not contain the string: '.gui.'
2025-09-06 11:26:58,106 INFO o.a.j.r.ClassFinder: Will scan jar /cht/cht-core/tests/scalability/jmeter/lib/ext/jmeter-plugins-mergeresults-2.1.jar with filter ExtendsClassFilter [parents=[interface org.apache.jmeter.functions.Function], inner=false, contains=null, notContains=null]. Consider exposing JMeter plugins via META-INF/services, and add JMeter-Skip-Class-Scanning=true manifest attribute so JMeter can skip classfile scanning
2025-09-06 11:26:58,110 INFO o.a.j.r.ClassFinder: Will scan jar /cht/cht-core/tests/scalability/jmeter/lib/ext/jmeter-plugins-manager-1.4.jar with filter ExtendsClassFilter [parents=[interface org.apache.jmeter.functions.Function], inner=false, contains=null, notContains=null]. Consider exposing JMeter plugins via META-INF/services, and add JMeter-Skip-Class-Scanning=true manifest attribute so JMeter can skip classfile scanning
2025-09-06 11:26:58,202 INFO o.a.j.JMeter: Running test (1757158018202)
2025-09-06 11:26:58,218 INFO o.a.j.e.StandardJMeterEngine: Starting ThreadGroup: 1 : Thread Group
2025-09-06 11:26:58,218 INFO o.a.j.e.StandardJMeterEngine: Starting 10 threads for group Thread Group.
2025-09-06 11:26:58,218 INFO o.a.j.e.StandardJMeterEngine: Thread will continue on error
2025-09-06 11:26:58,218 INFO o.a.j.t.ThreadGroup: Starting thread group... number=1 threads=10 ramp-up=1 delayedStart=false
2025-09-06 11:26:58,224 INFO o.a.j.t.JMeterThread: Thread started: Thread Group 1-1
2025-09-06 11:26:58,226 INFO o.a.j.t.ThreadGroup: Started thread group number 1
2025-09-06 11:26:58,226 INFO o.a.j.e.StandardJMeterEngine: All thread groups have been started
2025-09-06 11:26:58,227 INFO o.a.j.s.SampleResult: Note: Sample TimeStamps are START times
2025-09-06 11:26:58,227 INFO o.a.j.s.SampleResult: sampleresult.default.encoding is set to UTF-8
2025-09-06 11:26:58,227 INFO o.a.j.s.SampleResult: sampleresult.useNanoTime=true
2025-09-06 11:26:58,227 INFO o.a.j.s.SampleResult: sampleresult.nanoThreadSleep=5000
2025-09-06 11:26:58,320 INFO o.a.j.t.JMeterThread: Thread started: Thread Group 1-2
2025-09-06 11:26:58,419 INFO o.a.j.t.JMeterThread: Thread started: Thread Group 1-3
2025-09-06 11:26:58,519 INFO o.a.j.t.JMeterThread: Thread started: Thread Group 1-4
2025-09-06 11:26:58,619 INFO o.a.j.t.JMeterThread: Thread started: Thread Group 1-5
2025-09-06 11:26:58,719 INFO o.a.j.t.JMeterThread: Thread started: Thread Group 1-6
2025-09-06 11:26:58,819 INFO o.a.j.t.JMeterThread: Thread started: Thread Group 1-7
2025-09-06 11:26:58,919 INFO o.a.j.t.JMeterThread: Thread started: Thread Group 1-8
2025-09-06 11:26:59,019 INFO o.a.j.t.JMeterThread: Thread started: Thread Group 1-9
2025-09-06 11:26:59,118 INFO o.a.j.t.JMeterThread: Thread started: Thread Group 1-10
2025-09-06 11:27:11,531 INFO o.a.j.t.JMeterThread: Thread is done: Thread Group 1-7
2025-09-06 11:27:11,531 INFO o.a.j.t.JMeterThread: Thread is done: Thread Group 1-1
2025-09-06 11:27:11,532 INFO o.a.j.t.JMeterThread: Thread finished: Thread Group 1-1
2025-09-06 11:27:11,532 INFO o.a.j.t.JMeterThread: Thread finished: Thread Group 1-7
2025-09-06 11:27:12,005 INFO o.a.j.t.JMeterThread: Thread is done: Thread Group 1-3
2025-09-06 11:27:12,005 INFO o.a.j.t.JMeterThread: Thread finished: Thread Group 1-3
2025-09-06 11:27:12,010 INFO o.a.j.t.JMeterThread: Thread is done: Thread Group 1-8
2025-09-06 11:27:12,010 INFO o.a.j.t.JMeterThread: Thread finished: Thread Group 1-8
2025-09-06 11:27:12,010 INFO o.a.j.t.JMeterThread: Thread is done: Thread Group 1-2
2025-09-06 11:27:12,010 INFO o.a.j.t.JMeterThread: Thread finished: Thread Group 1-2
2025-09-06 11:27:12,022 INFO o.a.j.t.JMeterThread: Thread is done: Thread Group 1-4
2025-09-06 11:27:12,022 INFO o.a.j.t.JMeterThread: Thread finished: Thread Group 1-4
2025-09-06 11:27:12,024 INFO o.a.j.t.JMeterThread: Thread is done: Thread Group 1-10
2025-09-06 11:27:12,024 INFO o.a.j.t.JMeterThread: Thread finished: Thread Group 1-10
2025-09-06 11:27:12,025 INFO o.a.j.t.JMeterThread: Thread is done: Thread Group 1-9
2025-09-06 11:27:12,025 INFO o.a.j.t.JMeterThread: Thread finished: Thread Group 1-9
2025-09-06 11:27:12,144 INFO o.a.j.t.JMeterThread: Thread is done: Thread Group 1-6
2025-09-06 11:27:12,144 INFO o.a.j.t.JMeterThread: Thread finished: Thread Group 1-6
2025-09-06 11:27:12,147 INFO o.a.j.t.JMeterThread: Thread is done: Thread Group 1-5
2025-09-06 11:27:12,147 INFO o.a.j.t.JMeterThread: Thread finished: Thread Group 1-5
2025-09-06 11:27:12,147 INFO o.a.j.e.StandardJMeterEngine: Notifying test listeners of end of test
2025-09-06 11:27:12,148 INFO o.a.j.r.Summariser: summary =     10 in 00:00:14 =    0.7/s Avg: 13273 Min: 12709 Max: 13689 Err:     0 (0.00%)
2025-09-06 11:27:12,148 INFO o.a.j.JMeter: Generating Dashboard
2025-09-06 11:27:12,148 INFO o.a.j.r.d.ReportGenerator: Flushing result collector before report Generation
2025-09-06 11:27:12,158 INFO o.a.j.r.p.NormalizerSampleConsumer: Using format, 'ms', to parse timeStamp field
2025-09-06 11:27:12,199 INFO o.a.j.r.p.AbstractSampleConsumer: class org.apache.jmeter.report.processor.AggregateConsumer#stopProducing(): beginDate produced 0 samples
2025-09-06 11:27:12,199 INFO o.a.j.r.p.AbstractSampleConsumer: class org.apache.jmeter.report.processor.AggregateConsumer#stopProducing(): endDate produced 0 samples
2025-09-06 11:27:12,200 INFO o.a.j.r.p.AbstractSampleConsumer: class org.apache.jmeter.report.processor.ApdexSummaryConsumer#stopProducing(): apdexSummary produced 0 samples
2025-09-06 11:27:12,200 INFO o.a.j.r.p.AbstractSampleConsumer: class org.apache.jmeter.report.processor.RequestsSummaryConsumer#stopProducing(): requestsSummary produced 0 samples
2025-09-06 11:27:12,206 INFO o.a.j.r.p.AbstractSampleConsumer: class org.apache.jmeter.report.processor.StatisticsSummaryConsumer#stopProducing(): statisticsSummary produced 0 samples
2025-09-06 11:27:12,207 INFO o.a.j.r.p.AbstractSampleConsumer: class org.apache.jmeter.report.processor.Top5ErrorsBySamplerConsumer#stopProducing(): top5ErrorsBySampler produced 0 samples
2025-09-06 11:27:12,207 INFO o.a.j.r.p.AbstractSampleConsumer: class org.apache.jmeter.report.processor.ErrorsSummaryConsumer#stopProducing(): errorsSummary produced 0 samples
2025-09-06 11:27:12,207 INFO o.a.j.r.p.AbstractSampleConsumer: class org.apache.jmeter.report.processor.graph.impl.HitsPerSecondGraphConsumer#stopProducing(): hitsPerSecond produced 0 samples
2025-09-06 11:27:12,216 INFO o.a.j.r.p.AbstractSampleConsumer: class org.apache.jmeter.report.processor.graph.impl.LatencyVSRequestGraphConsumer#stopProducing(): latencyVsRequest produced 0 samples
2025-09-06 11:27:12,216 INFO o.a.j.r.p.AbstractSampleConsumer: class org.apache.jmeter.report.processor.graph.impl.SyntheticResponseTimeDistributionGraphConsumer#stopProducing(): syntheticResponseTimeDistribution produced 0 samples
2025-09-06 11:27:12,217 INFO o.a.j.r.p.AbstractSampleConsumer: class org.apache.jmeter.report.processor.graph.impl.BytesThroughputGraphConsumer#stopProducing(): bytesThroughputOverTime produced 0 samples
2025-09-06 11:27:12,217 INFO o.a.j.r.p.AbstractSampleConsumer: class org.apache.jmeter.report.processor.graph.impl.CodesPerSecondGraphConsumer#stopProducing(): codesPerSecond produced 0 samples
2025-09-06 11:27:12,219 INFO o.a.j.r.p.AbstractSampleConsumer: class org.apache.jmeter.report.processor.graph.impl.ResponseTimeVSRequestGraphConsumer#stopProducing(): responseTimeVsRequest produced 0 samples
2025-09-06 11:27:12,219 INFO o.a.j.r.p.AbstractSampleConsumer: class org.apache.jmeter.report.processor.FilterConsumer#stopProducing(): startIntervalControlerFilter produced 70 samples
2025-09-06 11:27:12,219 INFO o.a.j.r.p.AbstractSampleConsumer: class org.apache.jmeter.report.processor.graph.impl.TotalTPSGraphConsumer#stopProducing(): totalTPS produced 0 samples
2025-09-06 11:27:12,219 INFO o.a.j.r.p.AbstractSampleConsumer: class org.apache.jmeter.report.processor.graph.impl.ActiveThreadsGraphConsumer#stopProducing(): activeThreadsOverTime produced 0 samples
2025-09-06 11:27:12,219 INFO o.a.j.r.p.AbstractSampleConsumer: class org.apache.jmeter.report.processor.graph.impl.TimeVSThreadGraphConsumer#stopProducing(): timeVsThreads produced 0 samples
2025-09-06 11:27:12,220 INFO o.a.j.r.p.AbstractSampleConsumer: class org.apache.jmeter.report.processor.graph.impl.ResponseTimeDistributionGraphConsumer#stopProducing(): responseTimeDistribution produced 0 samples
2025-09-06 11:27:12,220 INFO o.a.j.r.p.AbstractSampleConsumer: class org.apache.jmeter.report.processor.graph.impl.TransactionsPerSecondGraphConsumer#stopProducing(): transactionsPerSecond produced 0 samples
2025-09-06 11:27:12,220 INFO o.a.j.r.p.AbstractSampleConsumer: class org.apache.jmeter.report.processor.graph.impl.ResponseTimePercentilesGraphConsumer#stopProducing(): responseTimePercentiles produced 0 samples
2025-09-06 11:27:12,220 INFO o.a.j.r.p.AbstractSampleConsumer: class org.apache.jmeter.report.processor.graph.impl.ResponseTimePercentilesOverTimeGraphConsumer#stopProducing(): responseTimePercentilesOverTime produced 0 samples
2025-09-06 11:27:12,220 INFO o.a.j.r.p.AbstractSampleConsumer: class org.apache.jmeter.report.processor.graph.impl.ResponseTimeOverTimeGraphConsumer#stopProducing(): responseTimesOverTime produced 0 samples
2025-09-06 11:27:12,220 INFO o.a.j.r.p.AbstractSampleConsumer: class org.apache.jmeter.report.processor.graph.impl.ConnectTimeOverTimeGraphConsumer#stopProducing(): connectTimeOverTime produced 0 samples
2025-09-06 11:27:12,221 INFO o.a.j.r.p.AbstractSampleConsumer: class org.apache.jmeter.report.processor.graph.impl.LatencyOverTimeGraphConsumer#stopProducing(): latenciesOverTime produced 0 samples
2025-09-06 11:27:12,221 INFO o.a.j.r.p.AbstractSampleConsumer: class org.apache.jmeter.report.processor.FilterConsumer#stopProducing(): nameFilter produced 150 samples
2025-09-06 11:27:12,221 INFO o.a.j.r.p.AbstractSampleConsumer: class org.apache.jmeter.report.processor.FilterConsumer#stopProducing(): dateRangeFilter produced 30 samples
2025-09-06 11:27:12,221 INFO o.a.j.r.p.AbstractSampleConsumer: class org.apache.jmeter.report.processor.NormalizerSampleConsumer#stopProducing(): normalizer produced 10 samples
2025-09-06 11:27:12,221 INFO o.a.j.r.p.CsvFileSampleSource: produce(): 10 samples produced in 44ms on channel 0
2025-09-06 11:27:12,221 INFO o.a.j.r.d.ReportGenerator: Exporting data using exporter:'json' of className:'org.apache.jmeter.report.dashboard.JsonExporter'
2025-09-06 11:27:12,286 INFO o.a.j.r.d.JsonExporter: Found data for consumer statisticsSummary in context
2025-09-06 11:27:12,287 INFO o.a.j.r.d.JsonExporter: Creating statistics for overall
2025-09-06 11:27:12,287 INFO o.a.j.r.d.JsonExporter: Creating statistics for other transactions
2025-09-06 11:27:12,287 INFO o.a.j.r.d.JsonExporter: Checking output folder
2025-09-06 11:27:12,288 INFO o.a.j.r.d.JsonExporter: Writing statistics JSON to /cht/cht-core/tests/scalability/./report-na5ev5CAZr/statistics.json
2025-09-06 11:27:12,322 INFO o.a.j.r.d.ReportGenerator: Exporting data using exporter:'html' of className:'org.apache.jmeter.report.dashboard.HtmlTemplateExporter'
2025-09-06 11:27:12,324 INFO o.a.j.r.d.HtmlTemplateExporter: Will generate dashboard in folder: /cht/cht-core/tests/scalability/./report-na5ev5CAZr
2025-09-06 11:27:12,407 INFO o.a.j.r.d.HtmlTemplateExporter: Report will be generated in: /cht/cht-core/tests/scalability/./report-na5ev5CAZr, creating folder structure
2025-09-06 11:27:12,408 INFO o.a.j.r.d.TemplateVisitor: Copying folder from '/cht/cht-core/tests/scalability/jmeter/bin/report-template' to '/cht/cht-core/tests/scalability/./report-na5ev5CAZr', got message: /cht/cht-core/tests/scalability/./report-na5ev5CAZr, found non empty folder with following content [/cht/cht-core/tests/scalability/./report-na5ev5CAZr/stderr3, /cht/cht-core/tests/scalability/./report-na5ev5CAZr/stdout5, /cht/cht-core/tests/scalability/./report-na5ev5CAZr/stderr4, /cht/cht-core/tests/scalability/./report-na5ev5CAZr/stdout8, /cht/cht-core/tests/scalability/./report-na5ev5CAZr/stdout1, /cht/cht-core/tests/scalability/./report-na5ev5CAZr/stdout7, /cht/cht-core/tests/scalability/./report-na5ev5CAZr/stderr2, /cht/cht-core/tests/scalability/./report-na5ev5CAZr/stderr9, /cht/cht-core/tests/scalability/./report-na5ev5CAZr/stderr6, /cht/cht-core/tests/scalability/./report-na5ev5CAZr/stdout2, /cht/cht-core/tests/scalability/./report-na5ev5CAZr/stderr7, /cht/cht-core/tests/scalability/./report-na5ev5CAZr/stderr10, /cht/cht-core/tests/scalability/./report-na5ev5CAZr/statistics.json, /cht/cht-core/tests/scalability/./report-na5ev5CAZr/stdout9, /cht/cht-core/tests/scalability/./report-na5ev5CAZr/stdout10, /cht/cht-core/tests/scalability/./report-na5ev5CAZr/stdout3, /cht/cht-core/tests/scalability/./report-na5ev5CAZr/stderr8, /cht/cht-core/tests/scalability/./report-na5ev5CAZr/cli_run.jtl, /cht/cht-core/tests/scalability/./report-na5ev5CAZr/stderr5, /cht/cht-core/tests/scalability/./report-na5ev5CAZr/stdout6, /cht/cht-core/tests/scalability/./report-na5ev5CAZr/stderr1, /cht/cht-core/tests/scalability/./report-na5ev5CAZr/stdout4], will be ignored
2025-09-06 11:27:12,552 INFO o.a.j.JMeter: Dashboard generated
